<?xml version="1.0" encoding="UTF-8"?>
<testsuite xmlns:xsi="http://www.w3.org/2001/XMLSchema-instance" xsi:noNamespaceSchemaLocation="https://maven.apache.org/surefire/maven-surefire-plugin/xsd/surefire-test-report.xsd" version="3.0.2" name="com.access.ProyectoAccess1ApplicationTests" time="7.151" tests="1" errors="0" skipped="0" failures="0">
  <properties>
[...]
</properties>
  <testcase name="contextLoads" classname="com.access.ProyectoAccess1ApplicationTests" time="1.48">
    <system-out><![CDATA[19:14:21.252 [main] INFO org.springframework.test.context.support.AnnotationConfigContextLoaderUtils -- Could not detect default configuration classes for test class [com.access.ProyectoAccess1ApplicationTests]: ProyectoAccess1ApplicationTests does not declare any static, non-private, non-final, nested classes annotated with @Configuration.
19:14:21.359 [main] INFO org.springframework.boot.test.context.SpringBootTestContextBootstrapper -- Found @SpringBootConfiguration com.access.ProyectoAccess1Application for test class com.access.ProyectoAccess1ApplicationTests

  .   ____          _            __ _ _
 /\\ / ___'_ __ _ _(_)_ __  __ _ \ \ \ \
( ( )\___ | '_ | '_| | '_ \/ _` | \ \ \ \
 \\/  ___)| |_)| | | | | || (_| |  ) ) ) )
  '  |____| .__|_| |_|_| |_\__, | / / / /
 =========|_|==============|___/=/_/_/_/

 :: Spring Boot ::                (v3.4.3)

2025-05-23T19:14:21.831-06:00  INFO 19236 --- [proyecto-access-1] [           main] c.a.ProyectoAccess1ApplicationTests      : Starting ProyectoAccess1ApplicationTests using Java 21.0.6 with PID 19236 (started by Tadeo in C:\Users\Tadeo\git\MicroServicioBarsa-Spring\proyecto-access-1)
2025-05-23T19:14:21.833-06:00  INFO 19236 --- [proyecto-access-1] [           main] c.a.ProyectoAccess1ApplicationTests      : No active profile set, falling back to 1 default profile: "default"
2025-05-23T19:14:23.617-06:00  WARN 19236 --- [proyecto-access-1] [           main] com.zaxxer.hikari.HikariConfig           : HikariCP - idleTimeout has been set but has no effect because the pool is operating as a fixed size pool.
2025-05-23T19:14:23.619-06:00  INFO 19236 --- [proyecto-access-1] [           main] com.zaxxer.hikari.HikariDataSource       : HikariCP - Starting...
2025-05-23T19:14:25.621-06:00  INFO 19236 --- [proyecto-access-1] [           main] o.a.k.clients.consumer.ConsumerConfig    : ConsumerConfig values: 
	allow.auto.create.topics = true
	auto.commit.interval.ms = 5000
	auto.include.jmx.reporter = true
	auto.offset.reset = earliest
	bootstrap.servers = [localhost:9092]
	check.crcs = true
	client.dns.lookup = use_all_dns_ips
	client.id = consumer-materia-service-group-1
	client.rack = 
	connections.max.idle.ms = 540000
	default.api.timeout.ms = 60000
	enable.auto.commit = false
	enable.metrics.push = true
	exclude.internal.topics = true
	fetch.max.bytes = 52428800
	fetch.max.wait.ms = 500
	fetch.min.bytes = 1
	group.id = materia-service-group
	group.instance.id = null
	group.protocol = classic
	group.remote.assignor = null
	heartbeat.interval.ms = 3000
	interceptor.classes = []
	internal.leave.group.on.close = true
	internal.throw.on.fetch.stable.offset.unsupported = false
	isolation.level = read_uncommitted
	key.deserializer = class org.apache.kafka.common.serialization.StringDeserializer
	max.partition.fetch.bytes = 1048576
	max.poll.interval.ms = 300000
	max.poll.records = 500
	metadata.max.age.ms = 300000
	metadata.recovery.strategy = none
	metric.reporters = []
	metrics.num.samples = 2
	metrics.recording.level = INFO
	metrics.sample.window.ms = 30000
	partition.assignment.strategy = [class org.apache.kafka.clients.consumer.RangeAssignor, class org.apache.kafka.clients.consumer.CooperativeStickyAssignor]
	receive.buffer.bytes = 65536
	reconnect.backoff.max.ms = 1000
	reconnect.backoff.ms = 50
	request.timeout.ms = 30000
	retry.backoff.max.ms = 1000
	retry.backoff.ms = 100
	sasl.client.callback.handler.class = null
	sasl.jaas.config = null
	sasl.kerberos.kinit.cmd = /usr/bin/kinit
	sasl.kerberos.min.time.before.relogin = 60000
	sasl.kerberos.service.name = null
	sasl.kerberos.ticket.renew.jitter = 0.05
	sasl.kerberos.ticket.renew.window.factor = 0.8
	sasl.login.callback.handler.class = null
	sasl.login.class = null
	sasl.login.connect.timeout.ms = null
	sasl.login.read.timeout.ms = null
	sasl.login.refresh.buffer.seconds = 300
	sasl.login.refresh.min.period.seconds = 60
	sasl.login.refresh.window.factor = 0.8
	sasl.login.refresh.window.jitter = 0.05
	sasl.login.retry.backoff.max.ms = 10000
	sasl.login.retry.backoff.ms = 100
	sasl.mechanism = GSSAPI
	sasl.oauthbearer.clock.skew.seconds = 30
	sasl.oauthbearer.expected.audience = null
	sasl.oauthbearer.expected.issuer = null
	sasl.oauthbearer.jwks.endpoint.refresh.ms = 3600000
	sasl.oauthbearer.jwks.endpoint.retry.backoff.max.ms = 10000
	sasl.oauthbearer.jwks.endpoint.retry.backoff.ms = 100
	sasl.oauthbearer.jwks.endpoint.url = null
	sasl.oauthbearer.scope.claim.name = scope
	sasl.oauthbearer.sub.claim.name = sub
	sasl.oauthbearer.token.endpoint.url = null
	security.protocol = PLAINTEXT
	security.providers = null
	send.buffer.bytes = 131072
	session.timeout.ms = 45000
	socket.connection.setup.timeout.max.ms = 30000
	socket.connection.setup.timeout.ms = 10000
	ssl.cipher.suites = null
	ssl.enabled.protocols = [TLSv1.2, TLSv1.3]
	ssl.endpoint.identification.algorithm = https
	ssl.engine.factory.class = null
	ssl.key.password = null
	ssl.keymanager.algorithm = SunX509
	ssl.keystore.certificate.chain = null
	ssl.keystore.key = null
	ssl.keystore.location = null
	ssl.keystore.password = null
	ssl.keystore.type = JKS
	ssl.protocol = TLSv1.3
	ssl.provider = null
	ssl.secure.random.implementation = null
	ssl.trustmanager.algorithm = PKIX
	ssl.truststore.certificates = null
	ssl.truststore.location = null
	ssl.truststore.password = null
	ssl.truststore.type = JKS
	value.deserializer = class org.apache.kafka.common.serialization.StringDeserializer

2025-05-23T19:14:25.710-06:00  INFO 19236 --- [proyecto-access-1] [           main] o.a.k.c.t.i.KafkaMetricsCollector        : initializing Kafka metrics collector
2025-05-23T19:14:26.138-06:00  INFO 19236 --- [proyecto-access-1] [           main] o.a.kafka.common.utils.AppInfoParser     : Kafka version: 3.8.1
2025-05-23T19:14:26.138-06:00  INFO 19236 --- [proyecto-access-1] [           main] o.a.kafka.common.utils.AppInfoParser     : Kafka commitId: 70d6ff42debf7e17
2025-05-23T19:14:26.139-06:00  INFO 19236 --- [proyecto-access-1] [           main] o.a.kafka.common.utils.AppInfoParser     : Kafka startTimeMs: 1748049266133
2025-05-23T19:14:26.151-06:00  INFO 19236 --- [proyecto-access-1] [           main] o.a.k.c.c.internals.LegacyKafkaConsumer  : [Consumer clientId=consumer-materia-service-group-1, groupId=materia-service-group] Subscribed to topic(s): get-movimiento-materia
2025-05-23T19:14:26.180-06:00  INFO 19236 --- [proyecto-access-1] [           main] o.a.k.clients.consumer.ConsumerConfig    : ConsumerConfig values: 
	allow.auto.create.topics = true
	auto.commit.interval.ms = 5000
	auto.include.jmx.reporter = true
	auto.offset.reset = earliest
	bootstrap.servers = [localhost:9092]
	check.crcs = true
	client.dns.lookup = use_all_dns_ips
	client.id = consumer-materia-service-group-2
	client.rack = 
	connections.max.idle.ms = 540000
	default.api.timeout.ms = 60000
	enable.auto.commit = false
	enable.metrics.push = true
	exclude.internal.topics = true
	fetch.max.bytes = 52428800
	fetch.max.wait.ms = 500
	fetch.min.bytes = 1
	group.id = materia-service-group
	group.instance.id = null
	group.protocol = classic
	group.remote.assignor = null
	heartbeat.interval.ms = 3000
	interceptor.classes = []
	internal.leave.group.on.close = true
	internal.throw.on.fetch.stable.offset.unsupported = false
	isolation.level = read_uncommitted
	key.deserializer = class org.apache.kafka.common.serialization.StringDeserializer
	max.partition.fetch.bytes = 1048576
	max.poll.interval.ms = 300000
	max.poll.records = 500
	metadata.max.age.ms = 300000
	metadata.recovery.strategy = none
	metric.reporters = []
	metrics.num.samples = 2
	metrics.recording.level = INFO
	metrics.sample.window.ms = 30000
	partition.assignment.strategy = [class org.apache.kafka.clients.consumer.RangeAssignor, class org.apache.kafka.clients.consumer.CooperativeStickyAssignor]
	receive.buffer.bytes = 65536
	reconnect.backoff.max.ms = 1000
	reconnect.backoff.ms = 50
	request.timeout.ms = 30000
	retry.backoff.max.ms = 1000
	retry.backoff.ms = 100
	sasl.client.callback.handler.class = null
	sasl.jaas.config = null
	sasl.kerberos.kinit.cmd = /usr/bin/kinit
	sasl.kerberos.min.time.before.relogin = 60000
	sasl.kerberos.service.name = null
	sasl.kerberos.ticket.renew.jitter = 0.05
	sasl.kerberos.ticket.renew.window.factor = 0.8
	sasl.login.callback.handler.class = null
	sasl.login.class = null
	sasl.login.connect.timeout.ms = null
	sasl.login.read.timeout.ms = null
	sasl.login.refresh.buffer.seconds = 300
	sasl.login.refresh.min.period.seconds = 60
	sasl.login.refresh.window.factor = 0.8
	sasl.login.refresh.window.jitter = 0.05
	sasl.login.retry.backoff.max.ms = 10000
	sasl.login.retry.backoff.ms = 100
	sasl.mechanism = GSSAPI
	sasl.oauthbearer.clock.skew.seconds = 30
	sasl.oauthbearer.expected.audience = null
	sasl.oauthbearer.expected.issuer = null
	sasl.oauthbearer.jwks.endpoint.refresh.ms = 3600000
	sasl.oauthbearer.jwks.endpoint.retry.backoff.max.ms = 10000
	sasl.oauthbearer.jwks.endpoint.retry.backoff.ms = 100
	sasl.oauthbearer.jwks.endpoint.url = null
	sasl.oauthbearer.scope.claim.name = scope
	sasl.oauthbearer.sub.claim.name = sub
	sasl.oauthbearer.token.endpoint.url = null
	security.protocol = PLAINTEXT
	security.providers = null
	send.buffer.bytes = 131072
	session.timeout.ms = 45000
	socket.connection.setup.timeout.max.ms = 30000
	socket.connection.setup.timeout.ms = 10000
	ssl.cipher.suites = null
	ssl.enabled.protocols = [TLSv1.2, TLSv1.3]
	ssl.endpoint.identification.algorithm = https
	ssl.engine.factory.class = null
	ssl.key.password = null
	ssl.keymanager.algorithm = SunX509
	ssl.keystore.certificate.chain = null
	ssl.keystore.key = null
	ssl.keystore.location = null
	ssl.keystore.password = null
	ssl.keystore.type = JKS
	ssl.protocol = TLSv1.3
	ssl.provider = null
	ssl.secure.random.implementation = null
	ssl.trustmanager.algorithm = PKIX
	ssl.truststore.certificates = null
	ssl.truststore.location = null
	ssl.truststore.password = null
	ssl.truststore.type = JKS
	value.deserializer = class org.apache.kafka.common.serialization.StringDeserializer

2025-05-23T19:14:26.182-06:00  INFO 19236 --- [proyecto-access-1] [           main] o.a.k.c.t.i.KafkaMetricsCollector        : initializing Kafka metrics collector
2025-05-23T19:14:26.214-06:00  INFO 19236 --- [proyecto-access-1] [           main] o.a.kafka.common.utils.AppInfoParser     : Kafka version: 3.8.1
2025-05-23T19:14:26.215-06:00  INFO 19236 --- [proyecto-access-1] [           main] o.a.kafka.common.utils.AppInfoParser     : Kafka commitId: 70d6ff42debf7e17
2025-05-23T19:14:26.215-06:00  INFO 19236 --- [proyecto-access-1] [           main] o.a.kafka.common.utils.AppInfoParser     : Kafka startTimeMs: 1748049266214
2025-05-23T19:14:26.217-06:00  INFO 19236 --- [proyecto-access-1] [           main] o.a.k.c.c.internals.LegacyKafkaConsumer  : [Consumer clientId=consumer-materia-service-group-2, groupId=materia-service-group] Subscribed to topic(s): get-materia-listado-filtro
2025-05-23T19:14:26.223-06:00  INFO 19236 --- [proyecto-access-1] [           main] o.a.k.clients.consumer.ConsumerConfig    : ConsumerConfig values: 
	allow.auto.create.topics = true
	auto.commit.interval.ms = 5000
	auto.include.jmx.reporter = true
	auto.offset.reset = earliest
	bootstrap.servers = [localhost:9092]
	check.crcs = true
	client.dns.lookup = use_all_dns_ips
	client.id = consumer-materia-service-group-3
	client.rack = 
	connections.max.idle.ms = 540000
	default.api.timeout.ms = 60000
	enable.auto.commit = false
	enable.metrics.push = true
	exclude.internal.topics = true
	fetch.max.bytes = 52428800
	fetch.max.wait.ms = 500
	fetch.min.bytes = 1
	group.id = materia-service-group
	group.instance.id = null
	group.protocol = classic
	group.remote.assignor = null
	heartbeat.interval.ms = 3000
	interceptor.classes = []
	internal.leave.group.on.close = true
	internal.throw.on.fetch.stable.offset.unsupported = false
	isolation.level = read_uncommitted
	key.deserializer = class org.apache.kafka.common.serialization.StringDeserializer
	max.partition.fetch.bytes = 1048576
	max.poll.interval.ms = 300000
	max.poll.records = 500
	metadata.max.age.ms = 300000
	metadata.recovery.strategy = none
	metric.reporters = []
	metrics.num.samples = 2
	metrics.recording.level = INFO
	metrics.sample.window.ms = 30000
	partition.assignment.strategy = [class org.apache.kafka.clients.consumer.RangeAssignor, class org.apache.kafka.clients.consumer.CooperativeStickyAssignor]
	receive.buffer.bytes = 65536
	reconnect.backoff.max.ms = 1000
	reconnect.backoff.ms = 50
	request.timeout.ms = 30000
	retry.backoff.max.ms = 1000
	retry.backoff.ms = 100
	sasl.client.callback.handler.class = null
	sasl.jaas.config = null
	sasl.kerberos.kinit.cmd = /usr/bin/kinit
	sasl.kerberos.min.time.before.relogin = 60000
	sasl.kerberos.service.name = null
	sasl.kerberos.ticket.renew.jitter = 0.05
	sasl.kerberos.ticket.renew.window.factor = 0.8
	sasl.login.callback.handler.class = null
	sasl.login.class = null
	sasl.login.connect.timeout.ms = null
	sasl.login.read.timeout.ms = null
	sasl.login.refresh.buffer.seconds = 300
	sasl.login.refresh.min.period.seconds = 60
	sasl.login.refresh.window.factor = 0.8
	sasl.login.refresh.window.jitter = 0.05
	sasl.login.retry.backoff.max.ms = 10000
	sasl.login.retry.backoff.ms = 100
	sasl.mechanism = GSSAPI
	sasl.oauthbearer.clock.skew.seconds = 30
	sasl.oauthbearer.expected.audience = null
	sasl.oauthbearer.expected.issuer = null
	sasl.oauthbearer.jwks.endpoint.refresh.ms = 3600000
	sasl.oauthbearer.jwks.endpoint.retry.backoff.max.ms = 10000
	sasl.oauthbearer.jwks.endpoint.retry.backoff.ms = 100
	sasl.oauthbearer.jwks.endpoint.url = null
	sasl.oauthbearer.scope.claim.name = scope
	sasl.oauthbearer.sub.claim.name = sub
	sasl.oauthbearer.token.endpoint.url = null
	security.protocol = PLAINTEXT
	security.providers = null
	send.buffer.bytes = 131072
	session.timeout.ms = 45000
	socket.connection.setup.timeout.max.ms = 30000
	socket.connection.setup.timeout.ms = 10000
	ssl.cipher.suites = null
	ssl.enabled.protocols = [TLSv1.2, TLSv1.3]
	ssl.endpoint.identification.algorithm = https
	ssl.engine.factory.class = null
	ssl.key.password = null
	ssl.keymanager.algorithm = SunX509
	ssl.keystore.certificate.chain = null
	ssl.keystore.key = null
	ssl.keystore.location = null
	ssl.keystore.password = null
	ssl.keystore.type = JKS
	ssl.protocol = TLSv1.3
	ssl.provider = null
	ssl.secure.random.implementation = null
	ssl.trustmanager.algorithm = PKIX
	ssl.truststore.certificates = null
	ssl.truststore.location = null
	ssl.truststore.password = null
	ssl.truststore.type = JKS
	value.deserializer = class org.apache.kafka.common.serialization.StringDeserializer

2025-05-23T19:14:26.224-06:00  INFO 19236 --- [proyecto-access-1] [           main] o.a.k.c.t.i.KafkaMetricsCollector        : initializing Kafka metrics collector
2025-05-23T19:14:26.252-06:00  INFO 19236 --- [proyecto-access-1] [           main] o.a.kafka.common.utils.AppInfoParser     : Kafka version: 3.8.1
2025-05-23T19:14:26.252-06:00  INFO 19236 --- [proyecto-access-1] [           main] o.a.kafka.common.utils.AppInfoParser     : Kafka commitId: 70d6ff42debf7e17
2025-05-23T19:14:26.252-06:00  INFO 19236 --- [proyecto-access-1] [           main] o.a.kafka.common.utils.AppInfoParser     : Kafka startTimeMs: 1748049266251
2025-05-23T19:14:26.254-06:00  INFO 19236 --- [proyecto-access-1] [           main] o.a.k.c.c.internals.LegacyKafkaConsumer  : [Consumer clientId=consumer-materia-service-group-3, groupId=materia-service-group] Subscribed to topic(s): get-materia-codigo
2025-05-23T19:14:26.260-06:00  INFO 19236 --- [proyecto-access-1] [           main] o.a.k.clients.consumer.ConsumerConfig    : ConsumerConfig values: 
	allow.auto.create.topics = true
	auto.commit.interval.ms = 5000
	auto.include.jmx.reporter = true
	auto.offset.reset = earliest
	bootstrap.servers = [localhost:9092]
	check.crcs = true
	client.dns.lookup = use_all_dns_ips
	client.id = consumer-materia-service-group-4
	client.rack = 
	connections.max.idle.ms = 540000
	default.api.timeout.ms = 60000
	enable.auto.commit = false
	enable.metrics.push = true
	exclude.internal.topics = true
	fetch.max.bytes = 52428800
	fetch.max.wait.ms = 500
	fetch.min.bytes = 1
	group.id = materia-service-group
	group.instance.id = null
	group.protocol = classic
	group.remote.assignor = null
	heartbeat.interval.ms = 3000
	interceptor.classes = []
	internal.leave.group.on.close = true
	internal.throw.on.fetch.stable.offset.unsupported = false
	isolation.level = read_uncommitted
	key.deserializer = class org.apache.kafka.common.serialization.StringDeserializer
	max.partition.fetch.bytes = 1048576
	max.poll.interval.ms = 300000
	max.poll.records = 500
	metadata.max.age.ms = 300000
	metadata.recovery.strategy = none
	metric.reporters = []
	metrics.num.samples = 2
	metrics.recording.level = INFO
	metrics.sample.window.ms = 30000
	partition.assignment.strategy = [class org.apache.kafka.clients.consumer.RangeAssignor, class org.apache.kafka.clients.consumer.CooperativeStickyAssignor]
	receive.buffer.bytes = 65536
	reconnect.backoff.max.ms = 1000
	reconnect.backoff.ms = 50
	request.timeout.ms = 30000
	retry.backoff.max.ms = 1000
	retry.backoff.ms = 100
	sasl.client.callback.handler.class = null
	sasl.jaas.config = null
	sasl.kerberos.kinit.cmd = /usr/bin/kinit
	sasl.kerberos.min.time.before.relogin = 60000
	sasl.kerberos.service.name = null
	sasl.kerberos.ticket.renew.jitter = 0.05
	sasl.kerberos.ticket.renew.window.factor = 0.8
	sasl.login.callback.handler.class = null
	sasl.login.class = null
	sasl.login.connect.timeout.ms = null
	sasl.login.read.timeout.ms = null
	sasl.login.refresh.buffer.seconds = 300
	sasl.login.refresh.min.period.seconds = 60
	sasl.login.refresh.window.factor = 0.8
	sasl.login.refresh.window.jitter = 0.05
	sasl.login.retry.backoff.max.ms = 10000
	sasl.login.retry.backoff.ms = 100
	sasl.mechanism = GSSAPI
	sasl.oauthbearer.clock.skew.seconds = 30
	sasl.oauthbearer.expected.audience = null
	sasl.oauthbearer.expected.issuer = null
	sasl.oauthbearer.jwks.endpoint.refresh.ms = 3600000
	sasl.oauthbearer.jwks.endpoint.retry.backoff.max.ms = 10000
	sasl.oauthbearer.jwks.endpoint.retry.backoff.ms = 100
	sasl.oauthbearer.jwks.endpoint.url = null
	sasl.oauthbearer.scope.claim.name = scope
	sasl.oauthbearer.sub.claim.name = sub
	sasl.oauthbearer.token.endpoint.url = null
	security.protocol = PLAINTEXT
	security.providers = null
	send.buffer.bytes = 131072
	session.timeout.ms = 45000
	socket.connection.setup.timeout.max.ms = 30000
	socket.connection.setup.timeout.ms = 10000
	ssl.cipher.suites = null
	ssl.enabled.protocols = [TLSv1.2, TLSv1.3]
	ssl.endpoint.identification.algorithm = https
	ssl.engine.factory.class = null
	ssl.key.password = null
	ssl.keymanager.algorithm = SunX509
	ssl.keystore.certificate.chain = null
	ssl.keystore.key = null
	ssl.keystore.location = null
	ssl.keystore.password = null
	ssl.keystore.type = JKS
	ssl.protocol = TLSv1.3
	ssl.provider = null
	ssl.secure.random.implementation = null
	ssl.trustmanager.algorithm = PKIX
	ssl.truststore.certificates = null
	ssl.truststore.location = null
	ssl.truststore.password = null
	ssl.truststore.type = JKS
	value.deserializer = class org.apache.kafka.common.serialization.StringDeserializer

2025-05-23T19:14:26.262-06:00  INFO 19236 --- [proyecto-access-1] [           main] o.a.k.c.t.i.KafkaMetricsCollector        : initializing Kafka metrics collector
2025-05-23T19:14:26.287-06:00  INFO 19236 --- [proyecto-access-1] [           main] o.a.kafka.common.utils.AppInfoParser     : Kafka version: 3.8.1
2025-05-23T19:14:26.287-06:00  INFO 19236 --- [proyecto-access-1] [           main] o.a.kafka.common.utils.AppInfoParser     : Kafka commitId: 70d6ff42debf7e17
2025-05-23T19:14:26.287-06:00  INFO 19236 --- [proyecto-access-1] [           main] o.a.kafka.common.utils.AppInfoParser     : Kafka startTimeMs: 1748049266287
2025-05-23T19:14:26.288-06:00  INFO 19236 --- [proyecto-access-1] [           main] o.a.k.c.c.internals.LegacyKafkaConsumer  : [Consumer clientId=consumer-materia-service-group-4, groupId=materia-service-group] Subscribed to topic(s): put-materia-update
2025-05-23T19:14:26.291-06:00  INFO 19236 --- [proyecto-access-1] [           main] o.a.k.clients.consumer.ConsumerConfig    : ConsumerConfig values: 
	allow.auto.create.topics = true
	auto.commit.interval.ms = 5000
	auto.include.jmx.reporter = true
	auto.offset.reset = earliest
	bootstrap.servers = [localhost:9092]
	check.crcs = true
	client.dns.lookup = use_all_dns_ips
	client.id = consumer-materia-service-group-5
	client.rack = 
	connections.max.idle.ms = 540000
	default.api.timeout.ms = 60000
	enable.auto.commit = false
	enable.metrics.push = true
	exclude.internal.topics = true
	fetch.max.bytes = 52428800
	fetch.max.wait.ms = 500
	fetch.min.bytes = 1
	group.id = materia-service-group
	group.instance.id = null
	group.protocol = classic
	group.remote.assignor = null
	heartbeat.interval.ms = 3000
	interceptor.classes = []
	internal.leave.group.on.close = true
	internal.throw.on.fetch.stable.offset.unsupported = false
	isolation.level = read_uncommitted
	key.deserializer = class org.apache.kafka.common.serialization.StringDeserializer
	max.partition.fetch.bytes = 1048576
	max.poll.interval.ms = 300000
	max.poll.records = 500
	metadata.max.age.ms = 300000
	metadata.recovery.strategy = none
	metric.reporters = []
	metrics.num.samples = 2
	metrics.recording.level = INFO
	metrics.sample.window.ms = 30000
	partition.assignment.strategy = [class org.apache.kafka.clients.consumer.RangeAssignor, class org.apache.kafka.clients.consumer.CooperativeStickyAssignor]
	receive.buffer.bytes = 65536
	reconnect.backoff.max.ms = 1000
	reconnect.backoff.ms = 50
	request.timeout.ms = 30000
	retry.backoff.max.ms = 1000
	retry.backoff.ms = 100
	sasl.client.callback.handler.class = null
	sasl.jaas.config = null
	sasl.kerberos.kinit.cmd = /usr/bin/kinit
	sasl.kerberos.min.time.before.relogin = 60000
	sasl.kerberos.service.name = null
	sasl.kerberos.ticket.renew.jitter = 0.05
	sasl.kerberos.ticket.renew.window.factor = 0.8
	sasl.login.callback.handler.class = null
	sasl.login.class = null
	sasl.login.connect.timeout.ms = null
	sasl.login.read.timeout.ms = null
	sasl.login.refresh.buffer.seconds = 300
	sasl.login.refresh.min.period.seconds = 60
	sasl.login.refresh.window.factor = 0.8
	sasl.login.refresh.window.jitter = 0.05
	sasl.login.retry.backoff.max.ms = 10000
	sasl.login.retry.backoff.ms = 100
	sasl.mechanism = GSSAPI
	sasl.oauthbearer.clock.skew.seconds = 30
	sasl.oauthbearer.expected.audience = null
	sasl.oauthbearer.expected.issuer = null
	sasl.oauthbearer.jwks.endpoint.refresh.ms = 3600000
	sasl.oauthbearer.jwks.endpoint.retry.backoff.max.ms = 10000
	sasl.oauthbearer.jwks.endpoint.retry.backoff.ms = 100
	sasl.oauthbearer.jwks.endpoint.url = null
	sasl.oauthbearer.scope.claim.name = scope
	sasl.oauthbearer.sub.claim.name = sub
	sasl.oauthbearer.token.endpoint.url = null
	security.protocol = PLAINTEXT
	security.providers = null
	send.buffer.bytes = 131072
	session.timeout.ms = 45000
	socket.connection.setup.timeout.max.ms = 30000
	socket.connection.setup.timeout.ms = 10000
	ssl.cipher.suites = null
	ssl.enabled.protocols = [TLSv1.2, TLSv1.3]
	ssl.endpoint.identification.algorithm = https
	ssl.engine.factory.class = null
	ssl.key.password = null
	ssl.keymanager.algorithm = SunX509
	ssl.keystore.certificate.chain = null
	ssl.keystore.key = null
	ssl.keystore.location = null
	ssl.keystore.password = null
	ssl.keystore.type = JKS
	ssl.protocol = TLSv1.3
	ssl.provider = null
	ssl.secure.random.implementation = null
	ssl.trustmanager.algorithm = PKIX
	ssl.truststore.certificates = null
	ssl.truststore.location = null
	ssl.truststore.password = null
	ssl.truststore.type = JKS
	value.deserializer = class org.apache.kafka.common.serialization.StringDeserializer

2025-05-23T19:14:26.292-06:00  INFO 19236 --- [proyecto-access-1] [           main] o.a.k.c.t.i.KafkaMetricsCollector        : initializing Kafka metrics collector
2025-05-23T19:14:26.317-06:00  INFO 19236 --- [proyecto-access-1] [           main] o.a.kafka.common.utils.AppInfoParser     : Kafka version: 3.8.1
2025-05-23T19:14:26.318-06:00  INFO 19236 --- [proyecto-access-1] [           main] o.a.kafka.common.utils.AppInfoParser     : Kafka commitId: 70d6ff42debf7e17
2025-05-23T19:14:26.319-06:00  INFO 19236 --- [proyecto-access-1] [           main] o.a.kafka.common.utils.AppInfoParser     : Kafka startTimeMs: 1748049266317
2025-05-23T19:14:26.320-06:00  INFO 19236 --- [proyecto-access-1] [           main] o.a.k.c.c.internals.LegacyKafkaConsumer  : [Consumer clientId=consumer-materia-service-group-5, groupId=materia-service-group] Subscribed to topic(s): post-color-crear
2025-05-23T19:14:26.323-06:00  INFO 19236 --- [proyecto-access-1] [           main] o.a.k.clients.consumer.ConsumerConfig    : ConsumerConfig values: 
	allow.auto.create.topics = true
	auto.commit.interval.ms = 5000
	auto.include.jmx.reporter = true
	auto.offset.reset = earliest
	bootstrap.servers = [localhost:9092]
	check.crcs = true
	client.dns.lookup = use_all_dns_ips
	client.id = consumer-materia-service-group-6
	client.rack = 
	connections.max.idle.ms = 540000
	default.api.timeout.ms = 60000
	enable.auto.commit = false
	enable.metrics.push = true
	exclude.internal.topics = true
	fetch.max.bytes = 52428800
	fetch.max.wait.ms = 500
	fetch.min.bytes = 1
	group.id = materia-service-group
	group.instance.id = null
	group.protocol = classic
	group.remote.assignor = null
	heartbeat.interval.ms = 3000
	interceptor.classes = []
	internal.leave.group.on.close = true
	internal.throw.on.fetch.stable.offset.unsupported = false
	isolation.level = read_uncommitted
	key.deserializer = class org.apache.kafka.common.serialization.StringDeserializer
	max.partition.fetch.bytes = 1048576
	max.poll.interval.ms = 300000
	max.poll.records = 500
	metadata.max.age.ms = 300000
	metadata.recovery.strategy = none
	metric.reporters = []
	metrics.num.samples = 2
	metrics.recording.level = INFO
	metrics.sample.window.ms = 30000
	partition.assignment.strategy = [class org.apache.kafka.clients.consumer.RangeAssignor, class org.apache.kafka.clients.consumer.CooperativeStickyAssignor]
	receive.buffer.bytes = 65536
	reconnect.backoff.max.ms = 1000
	reconnect.backoff.ms = 50
	request.timeout.ms = 30000
	retry.backoff.max.ms = 1000
	retry.backoff.ms = 100
	sasl.client.callback.handler.class = null
	sasl.jaas.config = null
	sasl.kerberos.kinit.cmd = /usr/bin/kinit
	sasl.kerberos.min.time.before.relogin = 60000
	sasl.kerberos.service.name = null
	sasl.kerberos.ticket.renew.jitter = 0.05
	sasl.kerberos.ticket.renew.window.factor = 0.8
	sasl.login.callback.handler.class = null
	sasl.login.class = null
	sasl.login.connect.timeout.ms = null
	sasl.login.read.timeout.ms = null
	sasl.login.refresh.buffer.seconds = 300
	sasl.login.refresh.min.period.seconds = 60
	sasl.login.refresh.window.factor = 0.8
	sasl.login.refresh.window.jitter = 0.05
	sasl.login.retry.backoff.max.ms = 10000
	sasl.login.retry.backoff.ms = 100
	sasl.mechanism = GSSAPI
	sasl.oauthbearer.clock.skew.seconds = 30
	sasl.oauthbearer.expected.audience = null
	sasl.oauthbearer.expected.issuer = null
	sasl.oauthbearer.jwks.endpoint.refresh.ms = 3600000
	sasl.oauthbearer.jwks.endpoint.retry.backoff.max.ms = 10000
	sasl.oauthbearer.jwks.endpoint.retry.backoff.ms = 100
	sasl.oauthbearer.jwks.endpoint.url = null
	sasl.oauthbearer.scope.claim.name = scope
	sasl.oauthbearer.sub.claim.name = sub
	sasl.oauthbearer.token.endpoint.url = null
	security.protocol = PLAINTEXT
	security.providers = null
	send.buffer.bytes = 131072
	session.timeout.ms = 45000
	socket.connection.setup.timeout.max.ms = 30000
	socket.connection.setup.timeout.ms = 10000
	ssl.cipher.suites = null
	ssl.enabled.protocols = [TLSv1.2, TLSv1.3]
	ssl.endpoint.identification.algorithm = https
	ssl.engine.factory.class = null
	ssl.key.password = null
	ssl.keymanager.algorithm = SunX509
	ssl.keystore.certificate.chain = null
	ssl.keystore.key = null
	ssl.keystore.location = null
	ssl.keystore.password = null
	ssl.keystore.type = JKS
	ssl.protocol = TLSv1.3
	ssl.provider = null
	ssl.secure.random.implementation = null
	ssl.trustmanager.algorithm = PKIX
	ssl.truststore.certificates = null
	ssl.truststore.location = null
	ssl.truststore.password = null
	ssl.truststore.type = JKS
	value.deserializer = class org.apache.kafka.common.serialization.StringDeserializer

2025-05-23T19:14:26.325-06:00  INFO 19236 --- [proyecto-access-1] [           main] o.a.k.c.t.i.KafkaMetricsCollector        : initializing Kafka metrics collector
2025-05-23T19:14:26.342-06:00  INFO 19236 --- [proyecto-access-1] [           main] o.a.kafka.common.utils.AppInfoParser     : Kafka version: 3.8.1
2025-05-23T19:14:26.342-06:00  INFO 19236 --- [proyecto-access-1] [           main] o.a.kafka.common.utils.AppInfoParser     : Kafka commitId: 70d6ff42debf7e17
2025-05-23T19:14:26.343-06:00  INFO 19236 --- [proyecto-access-1] [           main] o.a.kafka.common.utils.AppInfoParser     : Kafka startTimeMs: 1748049266342
2025-05-23T19:14:26.344-06:00  INFO 19236 --- [proyecto-access-1] [           main] o.a.k.c.c.internals.LegacyKafkaConsumer  : [Consumer clientId=consumer-materia-service-group-6, groupId=materia-service-group] Subscribed to topic(s): post-movimiento-producto
2025-05-23T19:14:26.349-06:00  INFO 19236 --- [proyecto-access-1] [           main] o.a.k.clients.consumer.ConsumerConfig    : ConsumerConfig values: 
	allow.auto.create.topics = true
	auto.commit.interval.ms = 5000
	auto.include.jmx.reporter = true
	auto.offset.reset = earliest
	bootstrap.servers = [localhost:9092]
	check.crcs = true
	client.dns.lookup = use_all_dns_ips
	client.id = consumer-materia-service-group-7
	client.rack = 
	connections.max.idle.ms = 540000
	default.api.timeout.ms = 60000
	enable.auto.commit = false
	enable.metrics.push = true
	exclude.internal.topics = true
	fetch.max.bytes = 52428800
	fetch.max.wait.ms = 500
	fetch.min.bytes = 1
	group.id = materia-service-group
	group.instance.id = null
	group.protocol = classic
	group.remote.assignor = null
	heartbeat.interval.ms = 3000
	interceptor.classes = []
	internal.leave.group.on.close = true
	internal.throw.on.fetch.stable.offset.unsupported = false
	isolation.level = read_uncommitted
	key.deserializer = class org.apache.kafka.common.serialization.StringDeserializer
	max.partition.fetch.bytes = 1048576
	max.poll.interval.ms = 300000
	max.poll.records = 500
	metadata.max.age.ms = 300000
	metadata.recovery.strategy = none
	metric.reporters = []
	metrics.num.samples = 2
	metrics.recording.level = INFO
	metrics.sample.window.ms = 30000
	partition.assignment.strategy = [class org.apache.kafka.clients.consumer.RangeAssignor, class org.apache.kafka.clients.consumer.CooperativeStickyAssignor]
	receive.buffer.bytes = 65536
	reconnect.backoff.max.ms = 1000
	reconnect.backoff.ms = 50
	request.timeout.ms = 30000
	retry.backoff.max.ms = 1000
	retry.backoff.ms = 100
	sasl.client.callback.handler.class = null
	sasl.jaas.config = null
	sasl.kerberos.kinit.cmd = /usr/bin/kinit
	sasl.kerberos.min.time.before.relogin = 60000
	sasl.kerberos.service.name = null
	sasl.kerberos.ticket.renew.jitter = 0.05
	sasl.kerberos.ticket.renew.window.factor = 0.8
	sasl.login.callback.handler.class = null
	sasl.login.class = null
	sasl.login.connect.timeout.ms = null
	sasl.login.read.timeout.ms = null
	sasl.login.refresh.buffer.seconds = 300
	sasl.login.refresh.min.period.seconds = 60
	sasl.login.refresh.window.factor = 0.8
	sasl.login.refresh.window.jitter = 0.05
	sasl.login.retry.backoff.max.ms = 10000
	sasl.login.retry.backoff.ms = 100
	sasl.mechanism = GSSAPI
	sasl.oauthbearer.clock.skew.seconds = 30
	sasl.oauthbearer.expected.audience = null
	sasl.oauthbearer.expected.issuer = null
	sasl.oauthbearer.jwks.endpoint.refresh.ms = 3600000
	sasl.oauthbearer.jwks.endpoint.retry.backoff.max.ms = 10000
	sasl.oauthbearer.jwks.endpoint.retry.backoff.ms = 100
	sasl.oauthbearer.jwks.endpoint.url = null
	sasl.oauthbearer.scope.claim.name = scope
	sasl.oauthbearer.sub.claim.name = sub
	sasl.oauthbearer.token.endpoint.url = null
	security.protocol = PLAINTEXT
	security.providers = null
	send.buffer.bytes = 131072
	session.timeout.ms = 45000
	socket.connection.setup.timeout.max.ms = 30000
	socket.connection.setup.timeout.ms = 10000
	ssl.cipher.suites = null
	ssl.enabled.protocols = [TLSv1.2, TLSv1.3]
	ssl.endpoint.identification.algorithm = https
	ssl.engine.factory.class = null
	ssl.key.password = null
	ssl.keymanager.algorithm = SunX509
	ssl.keystore.certificate.chain = null
	ssl.keystore.key = null
	ssl.keystore.location = null
	ssl.keystore.password = null
	ssl.keystore.type = JKS
	ssl.protocol = TLSv1.3
	ssl.provider = null
	ssl.secure.random.implementation = null
	ssl.trustmanager.algorithm = PKIX
	ssl.truststore.certificates = null
	ssl.truststore.location = null
	ssl.truststore.password = null
	ssl.truststore.type = JKS
	value.deserializer = class org.apache.kafka.common.serialization.StringDeserializer

2025-05-23T19:14:26.350-06:00  INFO 19236 --- [proyecto-access-1] [           main] o.a.k.c.t.i.KafkaMetricsCollector        : initializing Kafka metrics collector
2025-05-23T19:14:26.368-06:00  INFO 19236 --- [proyecto-access-1] [           main] o.a.kafka.common.utils.AppInfoParser     : Kafka version: 3.8.1
2025-05-23T19:14:26.368-06:00  INFO 19236 --- [proyecto-access-1] [           main] o.a.kafka.common.utils.AppInfoParser     : Kafka commitId: 70d6ff42debf7e17
2025-05-23T19:14:26.369-06:00  INFO 19236 --- [proyecto-access-1] [           main] o.a.kafka.common.utils.AppInfoParser     : Kafka startTimeMs: 1748049266368
2025-05-23T19:14:26.370-06:00  INFO 19236 --- [proyecto-access-1] [           main] o.a.k.c.c.internals.LegacyKafkaConsumer  : [Consumer clientId=consumer-materia-service-group-7, groupId=materia-service-group] Subscribed to topic(s): get-movimiento-producto
2025-05-23T19:14:26.376-06:00  INFO 19236 --- [proyecto-access-1] [           main] o.a.k.clients.consumer.ConsumerConfig    : ConsumerConfig values: 
	allow.auto.create.topics = true
	auto.commit.interval.ms = 5000
	auto.include.jmx.reporter = true
	auto.offset.reset = earliest
	bootstrap.servers = [localhost:9092]
	check.crcs = true
	client.dns.lookup = use_all_dns_ips
	client.id = consumer-materia-service-group-8
	client.rack = 
	connections.max.idle.ms = 540000
	default.api.timeout.ms = 60000
	enable.auto.commit = false
	enable.metrics.push = true
	exclude.internal.topics = true
	fetch.max.bytes = 52428800
	fetch.max.wait.ms = 500
	fetch.min.bytes = 1
	group.id = materia-service-group
	group.instance.id = null
	group.protocol = classic
	group.remote.assignor = null
	heartbeat.interval.ms = 3000
	interceptor.classes = []
	internal.leave.group.on.close = true
	internal.throw.on.fetch.stable.offset.unsupported = false
	isolation.level = read_uncommitted
	key.deserializer = class org.apache.kafka.common.serialization.StringDeserializer
	max.partition.fetch.bytes = 1048576
	max.poll.interval.ms = 300000
	max.poll.records = 500
	metadata.max.age.ms = 300000
	metadata.recovery.strategy = none
	metric.reporters = []
	metrics.num.samples = 2
	metrics.recording.level = INFO
	metrics.sample.window.ms = 30000
	partition.assignment.strategy = [class org.apache.kafka.clients.consumer.RangeAssignor, class org.apache.kafka.clients.consumer.CooperativeStickyAssignor]
	receive.buffer.bytes = 65536
	reconnect.backoff.max.ms = 1000
	reconnect.backoff.ms = 50
	request.timeout.ms = 30000
	retry.backoff.max.ms = 1000
	retry.backoff.ms = 100
	sasl.client.callback.handler.class = null
	sasl.jaas.config = null
	sasl.kerberos.kinit.cmd = /usr/bin/kinit
	sasl.kerberos.min.time.before.relogin = 60000
	sasl.kerberos.service.name = null
	sasl.kerberos.ticket.renew.jitter = 0.05
	sasl.kerberos.ticket.renew.window.factor = 0.8
	sasl.login.callback.handler.class = null
	sasl.login.class = null
	sasl.login.connect.timeout.ms = null
	sasl.login.read.timeout.ms = null
	sasl.login.refresh.buffer.seconds = 300
	sasl.login.refresh.min.period.seconds = 60
	sasl.login.refresh.window.factor = 0.8
	sasl.login.refresh.window.jitter = 0.05
	sasl.login.retry.backoff.max.ms = 10000
	sasl.login.retry.backoff.ms = 100
	sasl.mechanism = GSSAPI
	sasl.oauthbearer.clock.skew.seconds = 30
	sasl.oauthbearer.expected.audience = null
	sasl.oauthbearer.expected.issuer = null
	sasl.oauthbearer.jwks.endpoint.refresh.ms = 3600000
	sasl.oauthbearer.jwks.endpoint.retry.backoff.max.ms = 10000
	sasl.oauthbearer.jwks.endpoint.retry.backoff.ms = 100
	sasl.oauthbearer.jwks.endpoint.url = null
	sasl.oauthbearer.scope.claim.name = scope
	sasl.oauthbearer.sub.claim.name = sub
	sasl.oauthbearer.token.endpoint.url = null
	security.protocol = PLAINTEXT
	security.providers = null
	send.buffer.bytes = 131072
	session.timeout.ms = 45000
	socket.connection.setup.timeout.max.ms = 30000
	socket.connection.setup.timeout.ms = 10000
	ssl.cipher.suites = null
	ssl.enabled.protocols = [TLSv1.2, TLSv1.3]
	ssl.endpoint.identification.algorithm = https
	ssl.engine.factory.class = null
	ssl.key.password = null
	ssl.keymanager.algorithm = SunX509
	ssl.keystore.certificate.chain = null
	ssl.keystore.key = null
	ssl.keystore.location = null
	ssl.keystore.password = null
	ssl.keystore.type = JKS
	ssl.protocol = TLSv1.3
	ssl.provider = null
	ssl.secure.random.implementation = null
	ssl.trustmanager.algorithm = PKIX
	ssl.truststore.certificates = null
	ssl.truststore.location = null
	ssl.truststore.password = null
	ssl.truststore.type = JKS
	value.deserializer = class org.apache.kafka.common.serialization.StringDeserializer

2025-05-23T19:14:26.379-06:00  INFO 19236 --- [proyecto-access-1] [           main] o.a.k.c.t.i.KafkaMetricsCollector        : initializing Kafka metrics collector
2025-05-23T19:14:26.390-06:00  INFO 19236 --- [proyecto-access-1] [           main] o.a.kafka.common.utils.AppInfoParser     : Kafka version: 3.8.1
2025-05-23T19:14:26.391-06:00  INFO 19236 --- [proyecto-access-1] [           main] o.a.kafka.common.utils.AppInfoParser     : Kafka commitId: 70d6ff42debf7e17
2025-05-23T19:14:26.391-06:00  INFO 19236 --- [proyecto-access-1] [           main] o.a.kafka.common.utils.AppInfoParser     : Kafka startTimeMs: 1748049266390
2025-05-23T19:14:26.392-06:00  INFO 19236 --- [proyecto-access-1] [           main] o.a.k.c.c.internals.LegacyKafkaConsumer  : [Consumer clientId=consumer-materia-service-group-8, groupId=materia-service-group] Subscribed to topic(s): post-movimiento-materia
2025-05-23T19:14:26.396-06:00  INFO 19236 --- [proyecto-access-1] [           main] o.a.k.clients.consumer.ConsumerConfig    : ConsumerConfig values: 
	allow.auto.create.topics = true
	auto.commit.interval.ms = 5000
	auto.include.jmx.reporter = true
	auto.offset.reset = earliest
	bootstrap.servers = [localhost:9092]
	check.crcs = true
	client.dns.lookup = use_all_dns_ips
	client.id = consumer-materia-service-group-9
	client.rack = 
	connections.max.idle.ms = 540000
	default.api.timeout.ms = 60000
	enable.auto.commit = false
	enable.metrics.push = true
	exclude.internal.topics = true
	fetch.max.bytes = 52428800
	fetch.max.wait.ms = 500
	fetch.min.bytes = 1
	group.id = materia-service-group
	group.instance.id = null
	group.protocol = classic
	group.remote.assignor = null
	heartbeat.interval.ms = 3000
	interceptor.classes = []
	internal.leave.group.on.close = true
	internal.throw.on.fetch.stable.offset.unsupported = false
	isolation.level = read_uncommitted
	key.deserializer = class org.apache.kafka.common.serialization.StringDeserializer
	max.partition.fetch.bytes = 1048576
	max.poll.interval.ms = 300000
	max.poll.records = 500
	metadata.max.age.ms = 300000
	metadata.recovery.strategy = none
	metric.reporters = []
	metrics.num.samples = 2
	metrics.recording.level = INFO
	metrics.sample.window.ms = 30000
	partition.assignment.strategy = [class org.apache.kafka.clients.consumer.RangeAssignor, class org.apache.kafka.clients.consumer.CooperativeStickyAssignor]
	receive.buffer.bytes = 65536
	reconnect.backoff.max.ms = 1000
	reconnect.backoff.ms = 50
	request.timeout.ms = 30000
	retry.backoff.max.ms = 1000
	retry.backoff.ms = 100
	sasl.client.callback.handler.class = null
	sasl.jaas.config = null
	sasl.kerberos.kinit.cmd = /usr/bin/kinit
	sasl.kerberos.min.time.before.relogin = 60000
	sasl.kerberos.service.name = null
	sasl.kerberos.ticket.renew.jitter = 0.05
	sasl.kerberos.ticket.renew.window.factor = 0.8
	sasl.login.callback.handler.class = null
	sasl.login.class = null
	sasl.login.connect.timeout.ms = null
	sasl.login.read.timeout.ms = null
	sasl.login.refresh.buffer.seconds = 300
	sasl.login.refresh.min.period.seconds = 60
	sasl.login.refresh.window.factor = 0.8
	sasl.login.refresh.window.jitter = 0.05
	sasl.login.retry.backoff.max.ms = 10000
	sasl.login.retry.backoff.ms = 100
	sasl.mechanism = GSSAPI
	sasl.oauthbearer.clock.skew.seconds = 30
	sasl.oauthbearer.expected.audience = null
	sasl.oauthbearer.expected.issuer = null
	sasl.oauthbearer.jwks.endpoint.refresh.ms = 3600000
	sasl.oauthbearer.jwks.endpoint.retry.backoff.max.ms = 10000
	sasl.oauthbearer.jwks.endpoint.retry.backoff.ms = 100
	sasl.oauthbearer.jwks.endpoint.url = null
	sasl.oauthbearer.scope.claim.name = scope
	sasl.oauthbearer.sub.claim.name = sub
	sasl.oauthbearer.token.endpoint.url = null
	security.protocol = PLAINTEXT
	security.providers = null
	send.buffer.bytes = 131072
	session.timeout.ms = 45000
	socket.connection.setup.timeout.max.ms = 30000
	socket.connection.setup.timeout.ms = 10000
	ssl.cipher.suites = null
	ssl.enabled.protocols = [TLSv1.2, TLSv1.3]
	ssl.endpoint.identification.algorithm = https
	ssl.engine.factory.class = null
	ssl.key.password = null
	ssl.keymanager.algorithm = SunX509
	ssl.keystore.certificate.chain = null
	ssl.keystore.key = null
	ssl.keystore.location = null
	ssl.keystore.password = null
	ssl.keystore.type = JKS
	ssl.protocol = TLSv1.3
	ssl.provider = null
	ssl.secure.random.implementation = null
	ssl.trustmanager.algorithm = PKIX
	ssl.truststore.certificates = null
	ssl.truststore.location = null
	ssl.truststore.password = null
	ssl.truststore.type = JKS
	value.deserializer = class org.apache.kafka.common.serialization.StringDeserializer

2025-05-23T19:14:26.396-06:00  INFO 19236 --- [proyecto-access-1] [           main] o.a.k.c.t.i.KafkaMetricsCollector        : initializing Kafka metrics collector
2025-05-23T19:14:26.409-06:00  INFO 19236 --- [proyecto-access-1] [           main] o.a.kafka.common.utils.AppInfoParser     : Kafka version: 3.8.1
2025-05-23T19:14:26.410-06:00  INFO 19236 --- [proyecto-access-1] [           main] o.a.kafka.common.utils.AppInfoParser     : Kafka commitId: 70d6ff42debf7e17
2025-05-23T19:14:26.410-06:00  INFO 19236 --- [proyecto-access-1] [           main] o.a.kafka.common.utils.AppInfoParser     : Kafka startTimeMs: 1748049266409
2025-05-23T19:14:26.412-06:00  INFO 19236 --- [proyecto-access-1] [           main] o.a.k.c.c.internals.LegacyKafkaConsumer  : [Consumer clientId=consumer-materia-service-group-9, groupId=materia-service-group] Subscribed to topic(s): post-iniciar-tiempo
2025-05-23T19:14:26.417-06:00  INFO 19236 --- [proyecto-access-1] [           main] o.a.k.clients.consumer.ConsumerConfig    : ConsumerConfig values: 
	allow.auto.create.topics = true
	auto.commit.interval.ms = 5000
	auto.include.jmx.reporter = true
	auto.offset.reset = earliest
	bootstrap.servers = [localhost:9092]
	check.crcs = true
	client.dns.lookup = use_all_dns_ips
	client.id = consumer-materia-service-group-10
	client.rack = 
	connections.max.idle.ms = 540000
	default.api.timeout.ms = 60000
	enable.auto.commit = false
	enable.metrics.push = true
	exclude.internal.topics = true
	fetch.max.bytes = 52428800
	fetch.max.wait.ms = 500
	fetch.min.bytes = 1
	group.id = materia-service-group
	group.instance.id = null
	group.protocol = classic
	group.remote.assignor = null
	heartbeat.interval.ms = 3000
	interceptor.classes = []
	internal.leave.group.on.close = true
	internal.throw.on.fetch.stable.offset.unsupported = false
	isolation.level = read_uncommitted
	key.deserializer = class org.apache.kafka.common.serialization.StringDeserializer
	max.partition.fetch.bytes = 1048576
	max.poll.interval.ms = 300000
	max.poll.records = 500
	metadata.max.age.ms = 300000
	metadata.recovery.strategy = none
	metric.reporters = []
	metrics.num.samples = 2
	metrics.recording.level = INFO
	metrics.sample.window.ms = 30000
	partition.assignment.strategy = [class org.apache.kafka.clients.consumer.RangeAssignor, class org.apache.kafka.clients.consumer.CooperativeStickyAssignor]
	receive.buffer.bytes = 65536
	reconnect.backoff.max.ms = 1000
	reconnect.backoff.ms = 50
	request.timeout.ms = 30000
	retry.backoff.max.ms = 1000
	retry.backoff.ms = 100
	sasl.client.callback.handler.class = null
	sasl.jaas.config = null
	sasl.kerberos.kinit.cmd = /usr/bin/kinit
	sasl.kerberos.min.time.before.relogin = 60000
	sasl.kerberos.service.name = null
	sasl.kerberos.ticket.renew.jitter = 0.05
	sasl.kerberos.ticket.renew.window.factor = 0.8
	sasl.login.callback.handler.class = null
	sasl.login.class = null
	sasl.login.connect.timeout.ms = null
	sasl.login.read.timeout.ms = null
	sasl.login.refresh.buffer.seconds = 300
	sasl.login.refresh.min.period.seconds = 60
	sasl.login.refresh.window.factor = 0.8
	sasl.login.refresh.window.jitter = 0.05
	sasl.login.retry.backoff.max.ms = 10000
	sasl.login.retry.backoff.ms = 100
	sasl.mechanism = GSSAPI
	sasl.oauthbearer.clock.skew.seconds = 30
	sasl.oauthbearer.expected.audience = null
	sasl.oauthbearer.expected.issuer = null
	sasl.oauthbearer.jwks.endpoint.refresh.ms = 3600000
	sasl.oauthbearer.jwks.endpoint.retry.backoff.max.ms = 10000
	sasl.oauthbearer.jwks.endpoint.retry.backoff.ms = 100
	sasl.oauthbearer.jwks.endpoint.url = null
	sasl.oauthbearer.scope.claim.name = scope
	sasl.oauthbearer.sub.claim.name = sub
	sasl.oauthbearer.token.endpoint.url = null
	security.protocol = PLAINTEXT
	security.providers = null
	send.buffer.bytes = 131072
	session.timeout.ms = 45000
	socket.connection.setup.timeout.max.ms = 30000
	socket.connection.setup.timeout.ms = 10000
	ssl.cipher.suites = null
	ssl.enabled.protocols = [TLSv1.2, TLSv1.3]
	ssl.endpoint.identification.algorithm = https
	ssl.engine.factory.class = null
	ssl.key.password = null
	ssl.keymanager.algorithm = SunX509
	ssl.keystore.certificate.chain = null
	ssl.keystore.key = null
	ssl.keystore.location = null
	ssl.keystore.password = null
	ssl.keystore.type = JKS
	ssl.protocol = TLSv1.3
	ssl.provider = null
	ssl.secure.random.implementation = null
	ssl.trustmanager.algorithm = PKIX
	ssl.truststore.certificates = null
	ssl.truststore.location = null
	ssl.truststore.password = null
	ssl.truststore.type = JKS
	value.deserializer = class org.apache.kafka.common.serialization.StringDeserializer

2025-05-23T19:14:26.420-06:00  INFO 19236 --- [proyecto-access-1] [           main] o.a.k.c.t.i.KafkaMetricsCollector        : initializing Kafka metrics collector
2025-05-23T19:14:26.434-06:00  INFO 19236 --- [proyecto-access-1] [           main] o.a.kafka.common.utils.AppInfoParser     : Kafka version: 3.8.1
2025-05-23T19:14:26.434-06:00  INFO 19236 --- [proyecto-access-1] [           main] o.a.kafka.common.utils.AppInfoParser     : Kafka commitId: 70d6ff42debf7e17
2025-05-23T19:14:26.435-06:00  INFO 19236 --- [proyecto-access-1] [           main] o.a.kafka.common.utils.AppInfoParser     : Kafka startTimeMs: 1748049266434
2025-05-23T19:14:26.435-06:00  INFO 19236 --- [proyecto-access-1] [           main] o.a.k.c.c.internals.LegacyKafkaConsumer  : [Consumer clientId=consumer-materia-service-group-10, groupId=materia-service-group] Subscribed to topic(s): put-pausar-tiempo
2025-05-23T19:14:26.438-06:00  INFO 19236 --- [proyecto-access-1] [           main] o.a.k.clients.consumer.ConsumerConfig    : ConsumerConfig values: 
	allow.auto.create.topics = true
	auto.commit.interval.ms = 5000
	auto.include.jmx.reporter = true
	auto.offset.reset = earliest
	bootstrap.servers = [localhost:9092]
	check.crcs = true
	client.dns.lookup = use_all_dns_ips
	client.id = consumer-materia-service-group-11
	client.rack = 
	connections.max.idle.ms = 540000
	default.api.timeout.ms = 60000
	enable.auto.commit = false
	enable.metrics.push = true
	exclude.internal.topics = true
	fetch.max.bytes = 52428800
	fetch.max.wait.ms = 500
	fetch.min.bytes = 1
	group.id = materia-service-group
	group.instance.id = null
	group.protocol = classic
	group.remote.assignor = null
	heartbeat.interval.ms = 3000
	interceptor.classes = []
	internal.leave.group.on.close = true
	internal.throw.on.fetch.stable.offset.unsupported = false
	isolation.level = read_uncommitted
	key.deserializer = class org.apache.kafka.common.serialization.StringDeserializer
	max.partition.fetch.bytes = 1048576
	max.poll.interval.ms = 300000
	max.poll.records = 500
	metadata.max.age.ms = 300000
	metadata.recovery.strategy = none
	metric.reporters = []
	metrics.num.samples = 2
	metrics.recording.level = INFO
	metrics.sample.window.ms = 30000
	partition.assignment.strategy = [class org.apache.kafka.clients.consumer.RangeAssignor, class org.apache.kafka.clients.consumer.CooperativeStickyAssignor]
	receive.buffer.bytes = 65536
	reconnect.backoff.max.ms = 1000
	reconnect.backoff.ms = 50
	request.timeout.ms = 30000
	retry.backoff.max.ms = 1000
	retry.backoff.ms = 100
	sasl.client.callback.handler.class = null
	sasl.jaas.config = null
	sasl.kerberos.kinit.cmd = /usr/bin/kinit
	sasl.kerberos.min.time.before.relogin = 60000
	sasl.kerberos.service.name = null
	sasl.kerberos.ticket.renew.jitter = 0.05
	sasl.kerberos.ticket.renew.window.factor = 0.8
	sasl.login.callback.handler.class = null
	sasl.login.class = null
	sasl.login.connect.timeout.ms = null
	sasl.login.read.timeout.ms = null
	sasl.login.refresh.buffer.seconds = 300
	sasl.login.refresh.min.period.seconds = 60
	sasl.login.refresh.window.factor = 0.8
	sasl.login.refresh.window.jitter = 0.05
	sasl.login.retry.backoff.max.ms = 10000
	sasl.login.retry.backoff.ms = 100
	sasl.mechanism = GSSAPI
	sasl.oauthbearer.clock.skew.seconds = 30
	sasl.oauthbearer.expected.audience = null
	sasl.oauthbearer.expected.issuer = null
	sasl.oauthbearer.jwks.endpoint.refresh.ms = 3600000
	sasl.oauthbearer.jwks.endpoint.retry.backoff.max.ms = 10000
	sasl.oauthbearer.jwks.endpoint.retry.backoff.ms = 100
	sasl.oauthbearer.jwks.endpoint.url = null
	sasl.oauthbearer.scope.claim.name = scope
	sasl.oauthbearer.sub.claim.name = sub
	sasl.oauthbearer.token.endpoint.url = null
	security.protocol = PLAINTEXT
	security.providers = null
	send.buffer.bytes = 131072
	session.timeout.ms = 45000
	socket.connection.setup.timeout.max.ms = 30000
	socket.connection.setup.timeout.ms = 10000
	ssl.cipher.suites = null
	ssl.enabled.protocols = [TLSv1.2, TLSv1.3]
	ssl.endpoint.identification.algorithm = https
	ssl.engine.factory.class = null
	ssl.key.password = null
	ssl.keymanager.algorithm = SunX509
	ssl.keystore.certificate.chain = null
	ssl.keystore.key = null
	ssl.keystore.location = null
	ssl.keystore.password = null
	ssl.keystore.type = JKS
	ssl.protocol = TLSv1.3
	ssl.provider = null
	ssl.secure.random.implementation = null
	ssl.trustmanager.algorithm = PKIX
	ssl.truststore.certificates = null
	ssl.truststore.location = null
	ssl.truststore.password = null
	ssl.truststore.type = JKS
	value.deserializer = class org.apache.kafka.common.serialization.StringDeserializer

2025-05-23T19:14:26.439-06:00  INFO 19236 --- [proyecto-access-1] [           main] o.a.k.c.t.i.KafkaMetricsCollector        : initializing Kafka metrics collector
2025-05-23T19:14:26.447-06:00  INFO 19236 --- [proyecto-access-1] [           main] o.a.kafka.common.utils.AppInfoParser     : Kafka version: 3.8.1
2025-05-23T19:14:26.447-06:00  INFO 19236 --- [proyecto-access-1] [           main] o.a.kafka.common.utils.AppInfoParser     : Kafka commitId: 70d6ff42debf7e17
2025-05-23T19:14:26.448-06:00  INFO 19236 --- [proyecto-access-1] [           main] o.a.kafka.common.utils.AppInfoParser     : Kafka startTimeMs: 1748049266447
2025-05-23T19:14:26.448-06:00  INFO 19236 --- [proyecto-access-1] [           main] o.a.k.c.c.internals.LegacyKafkaConsumer  : [Consumer clientId=consumer-materia-service-group-11, groupId=materia-service-group] Subscribed to topic(s): get-colorId-codigo
2025-05-23T19:14:26.450-06:00  INFO 19236 --- [proyecto-access-1] [           main] o.a.k.clients.consumer.ConsumerConfig    : ConsumerConfig values: 
	allow.auto.create.topics = true
	auto.commit.interval.ms = 5000
	auto.include.jmx.reporter = true
	auto.offset.reset = earliest
	bootstrap.servers = [localhost:9092]
	check.crcs = true
	client.dns.lookup = use_all_dns_ips
	client.id = consumer-materia-service-group-12
	client.rack = 
	connections.max.idle.ms = 540000
	default.api.timeout.ms = 60000
	enable.auto.commit = false
	enable.metrics.push = true
	exclude.internal.topics = true
	fetch.max.bytes = 52428800
	fetch.max.wait.ms = 500
	fetch.min.bytes = 1
	group.id = materia-service-group
	group.instance.id = null
	group.protocol = classic
	group.remote.assignor = null
	heartbeat.interval.ms = 3000
	interceptor.classes = []
	internal.leave.group.on.close = true
	internal.throw.on.fetch.stable.offset.unsupported = false
	isolation.level = read_uncommitted
	key.deserializer = class org.apache.kafka.common.serialization.StringDeserializer
	max.partition.fetch.bytes = 1048576
	max.poll.interval.ms = 300000
	max.poll.records = 500
	metadata.max.age.ms = 300000
	metadata.recovery.strategy = none
	metric.reporters = []
	metrics.num.samples = 2
	metrics.recording.level = INFO
	metrics.sample.window.ms = 30000
	partition.assignment.strategy = [class org.apache.kafka.clients.consumer.RangeAssignor, class org.apache.kafka.clients.consumer.CooperativeStickyAssignor]
	receive.buffer.bytes = 65536
	reconnect.backoff.max.ms = 1000
	reconnect.backoff.ms = 50
	request.timeout.ms = 30000
	retry.backoff.max.ms = 1000
	retry.backoff.ms = 100
	sasl.client.callback.handler.class = null
	sasl.jaas.config = null
	sasl.kerberos.kinit.cmd = /usr/bin/kinit
	sasl.kerberos.min.time.before.relogin = 60000
	sasl.kerberos.service.name = null
	sasl.kerberos.ticket.renew.jitter = 0.05
	sasl.kerberos.ticket.renew.window.factor = 0.8
	sasl.login.callback.handler.class = null
	sasl.login.class = null
	sasl.login.connect.timeout.ms = null
	sasl.login.read.timeout.ms = null
	sasl.login.refresh.buffer.seconds = 300
	sasl.login.refresh.min.period.seconds = 60
	sasl.login.refresh.window.factor = 0.8
	sasl.login.refresh.window.jitter = 0.05
	sasl.login.retry.backoff.max.ms = 10000
	sasl.login.retry.backoff.ms = 100
	sasl.mechanism = GSSAPI
	sasl.oauthbearer.clock.skew.seconds = 30
	sasl.oauthbearer.expected.audience = null
	sasl.oauthbearer.expected.issuer = null
	sasl.oauthbearer.jwks.endpoint.refresh.ms = 3600000
	sasl.oauthbearer.jwks.endpoint.retry.backoff.max.ms = 10000
	sasl.oauthbearer.jwks.endpoint.retry.backoff.ms = 100
	sasl.oauthbearer.jwks.endpoint.url = null
	sasl.oauthbearer.scope.claim.name = scope
	sasl.oauthbearer.sub.claim.name = sub
	sasl.oauthbearer.token.endpoint.url = null
	security.protocol = PLAINTEXT
	security.providers = null
	send.buffer.bytes = 131072
	session.timeout.ms = 45000
	socket.connection.setup.timeout.max.ms = 30000
	socket.connection.setup.timeout.ms = 10000
	ssl.cipher.suites = null
	ssl.enabled.protocols = [TLSv1.2, TLSv1.3]
	ssl.endpoint.identification.algorithm = https
	ssl.engine.factory.class = null
	ssl.key.password = null
	ssl.keymanager.algorithm = SunX509
	ssl.keystore.certificate.chain = null
	ssl.keystore.key = null
	ssl.keystore.location = null
	ssl.keystore.password = null
	ssl.keystore.type = JKS
	ssl.protocol = TLSv1.3
	ssl.provider = null
	ssl.secure.random.implementation = null
	ssl.trustmanager.algorithm = PKIX
	ssl.truststore.certificates = null
	ssl.truststore.location = null
	ssl.truststore.password = null
	ssl.truststore.type = JKS
	value.deserializer = class org.apache.kafka.common.serialization.StringDeserializer

2025-05-23T19:14:26.451-06:00  INFO 19236 --- [proyecto-access-1] [           main] o.a.k.c.t.i.KafkaMetricsCollector        : initializing Kafka metrics collector
2025-05-23T19:14:26.463-06:00  INFO 19236 --- [proyecto-access-1] [           main] o.a.kafka.common.utils.AppInfoParser     : Kafka version: 3.8.1
2025-05-23T19:14:26.464-06:00  INFO 19236 --- [proyecto-access-1] [           main] o.a.kafka.common.utils.AppInfoParser     : Kafka commitId: 70d6ff42debf7e17
2025-05-23T19:14:26.464-06:00  INFO 19236 --- [proyecto-access-1] [           main] o.a.kafka.common.utils.AppInfoParser     : Kafka startTimeMs: 1748049266463
2025-05-23T19:14:26.465-06:00  INFO 19236 --- [proyecto-access-1] [           main] o.a.k.c.c.internals.LegacyKafkaConsumer  : [Consumer clientId=consumer-materia-service-group-12, groupId=materia-service-group] Subscribed to topic(s): post-detencion-tiempo
2025-05-23T19:14:26.468-06:00  INFO 19236 --- [proyecto-access-1] [           main] o.a.k.clients.consumer.ConsumerConfig    : ConsumerConfig values: 
	allow.auto.create.topics = true
	auto.commit.interval.ms = 5000
	auto.include.jmx.reporter = true
	auto.offset.reset = earliest
	bootstrap.servers = [localhost:9092]
	check.crcs = true
	client.dns.lookup = use_all_dns_ips
	client.id = consumer-materia-service-group-13
	client.rack = 
	connections.max.idle.ms = 540000
	default.api.timeout.ms = 60000
	enable.auto.commit = false
	enable.metrics.push = true
	exclude.internal.topics = true
	fetch.max.bytes = 52428800
	fetch.max.wait.ms = 500
	fetch.min.bytes = 1
	group.id = materia-service-group
	group.instance.id = null
	group.protocol = classic
	group.remote.assignor = null
	heartbeat.interval.ms = 3000
	interceptor.classes = []
	internal.leave.group.on.close = true
	internal.throw.on.fetch.stable.offset.unsupported = false
	isolation.level = read_uncommitted
	key.deserializer = class org.apache.kafka.common.serialization.StringDeserializer
	max.partition.fetch.bytes = 1048576
	max.poll.interval.ms = 300000
	max.poll.records = 500
	metadata.max.age.ms = 300000
	metadata.recovery.strategy = none
	metric.reporters = []
	metrics.num.samples = 2
	metrics.recording.level = INFO
	metrics.sample.window.ms = 30000
	partition.assignment.strategy = [class org.apache.kafka.clients.consumer.RangeAssignor, class org.apache.kafka.clients.consumer.CooperativeStickyAssignor]
	receive.buffer.bytes = 65536
	reconnect.backoff.max.ms = 1000
	reconnect.backoff.ms = 50
	request.timeout.ms = 30000
	retry.backoff.max.ms = 1000
	retry.backoff.ms = 100
	sasl.client.callback.handler.class = null
	sasl.jaas.config = null
	sasl.kerberos.kinit.cmd = /usr/bin/kinit
	sasl.kerberos.min.time.before.relogin = 60000
	sasl.kerberos.service.name = null
	sasl.kerberos.ticket.renew.jitter = 0.05
	sasl.kerberos.ticket.renew.window.factor = 0.8
	sasl.login.callback.handler.class = null
	sasl.login.class = null
	sasl.login.connect.timeout.ms = null
	sasl.login.read.timeout.ms = null
	sasl.login.refresh.buffer.seconds = 300
	sasl.login.refresh.min.period.seconds = 60
	sasl.login.refresh.window.factor = 0.8
	sasl.login.refresh.window.jitter = 0.05
	sasl.login.retry.backoff.max.ms = 10000
	sasl.login.retry.backoff.ms = 100
	sasl.mechanism = GSSAPI
	sasl.oauthbearer.clock.skew.seconds = 30
	sasl.oauthbearer.expected.audience = null
	sasl.oauthbearer.expected.issuer = null
	sasl.oauthbearer.jwks.endpoint.refresh.ms = 3600000
	sasl.oauthbearer.jwks.endpoint.retry.backoff.max.ms = 10000
	sasl.oauthbearer.jwks.endpoint.retry.backoff.ms = 100
	sasl.oauthbearer.jwks.endpoint.url = null
	sasl.oauthbearer.scope.claim.name = scope
	sasl.oauthbearer.sub.claim.name = sub
	sasl.oauthbearer.token.endpoint.url = null
	security.protocol = PLAINTEXT
	security.providers = null
	send.buffer.bytes = 131072
	session.timeout.ms = 45000
	socket.connection.setup.timeout.max.ms = 30000
	socket.connection.setup.timeout.ms = 10000
	ssl.cipher.suites = null
	ssl.enabled.protocols = [TLSv1.2, TLSv1.3]
	ssl.endpoint.identification.algorithm = https
	ssl.engine.factory.class = null
	ssl.key.password = null
	ssl.keymanager.algorithm = SunX509
	ssl.keystore.certificate.chain = null
	ssl.keystore.key = null
	ssl.keystore.location = null
	ssl.keystore.password = null
	ssl.keystore.type = JKS
	ssl.protocol = TLSv1.3
	ssl.provider = null
	ssl.secure.random.implementation = null
	ssl.trustmanager.algorithm = PKIX
	ssl.truststore.certificates = null
	ssl.truststore.location = null
	ssl.truststore.password = null
	ssl.truststore.type = JKS
	value.deserializer = class org.apache.kafka.common.serialization.StringDeserializer

2025-05-23T19:14:26.470-06:00  INFO 19236 --- [proyecto-access-1] [           main] o.a.k.c.t.i.KafkaMetricsCollector        : initializing Kafka metrics collector
2025-05-23T19:14:26.478-06:00  INFO 19236 --- [proyecto-access-1] [           main] o.a.kafka.common.utils.AppInfoParser     : Kafka version: 3.8.1
2025-05-23T19:14:26.478-06:00  INFO 19236 --- [proyecto-access-1] [           main] o.a.kafka.common.utils.AppInfoParser     : Kafka commitId: 70d6ff42debf7e17
2025-05-23T19:14:26.478-06:00  INFO 19236 --- [proyecto-access-1] [           main] o.a.kafka.common.utils.AppInfoParser     : Kafka startTimeMs: 1748049266478
2025-05-23T19:14:26.479-06:00  INFO 19236 --- [proyecto-access-1] [           main] o.a.k.c.c.internals.LegacyKafkaConsumer  : [Consumer clientId=consumer-materia-service-group-13, groupId=materia-service-group] Subscribed to topic(s): get-colores-listado
2025-05-23T19:14:26.488-06:00  INFO 19236 --- [proyecto-access-1] [           main] o.a.k.clients.consumer.ConsumerConfig    : ConsumerConfig values: 
	allow.auto.create.topics = true
	auto.commit.interval.ms = 5000
	auto.include.jmx.reporter = true
	auto.offset.reset = earliest
	bootstrap.servers = [localhost:9092]
	check.crcs = true
	client.dns.lookup = use_all_dns_ips
	client.id = consumer-materia-service-group-14
	client.rack = 
	connections.max.idle.ms = 540000
	default.api.timeout.ms = 60000
	enable.auto.commit = false
	enable.metrics.push = true
	exclude.internal.topics = true
	fetch.max.bytes = 52428800
	fetch.max.wait.ms = 500
	fetch.min.bytes = 1
	group.id = materia-service-group
	group.instance.id = null
	group.protocol = classic
	group.remote.assignor = null
	heartbeat.interval.ms = 3000
	interceptor.classes = []
	internal.leave.group.on.close = true
	internal.throw.on.fetch.stable.offset.unsupported = false
	isolation.level = read_uncommitted
	key.deserializer = class org.apache.kafka.common.serialization.StringDeserializer
	max.partition.fetch.bytes = 1048576
	max.poll.interval.ms = 300000
	max.poll.records = 500
	metadata.max.age.ms = 300000
	metadata.recovery.strategy = none
	metric.reporters = []
	metrics.num.samples = 2
	metrics.recording.level = INFO
	metrics.sample.window.ms = 30000
	partition.assignment.strategy = [class org.apache.kafka.clients.consumer.RangeAssignor, class org.apache.kafka.clients.consumer.CooperativeStickyAssignor]
	receive.buffer.bytes = 65536
	reconnect.backoff.max.ms = 1000
	reconnect.backoff.ms = 50
	request.timeout.ms = 30000
	retry.backoff.max.ms = 1000
	retry.backoff.ms = 100
	sasl.client.callback.handler.class = null
	sasl.jaas.config = null
	sasl.kerberos.kinit.cmd = /usr/bin/kinit
	sasl.kerberos.min.time.before.relogin = 60000
	sasl.kerberos.service.name = null
	sasl.kerberos.ticket.renew.jitter = 0.05
	sasl.kerberos.ticket.renew.window.factor = 0.8
	sasl.login.callback.handler.class = null
	sasl.login.class = null
	sasl.login.connect.timeout.ms = null
	sasl.login.read.timeout.ms = null
	sasl.login.refresh.buffer.seconds = 300
	sasl.login.refresh.min.period.seconds = 60
	sasl.login.refresh.window.factor = 0.8
	sasl.login.refresh.window.jitter = 0.05
	sasl.login.retry.backoff.max.ms = 10000
	sasl.login.retry.backoff.ms = 100
	sasl.mechanism = GSSAPI
	sasl.oauthbearer.clock.skew.seconds = 30
	sasl.oauthbearer.expected.audience = null
	sasl.oauthbearer.expected.issuer = null
	sasl.oauthbearer.jwks.endpoint.refresh.ms = 3600000
	sasl.oauthbearer.jwks.endpoint.retry.backoff.max.ms = 10000
	sasl.oauthbearer.jwks.endpoint.retry.backoff.ms = 100
	sasl.oauthbearer.jwks.endpoint.url = null
	sasl.oauthbearer.scope.claim.name = scope
	sasl.oauthbearer.sub.claim.name = sub
	sasl.oauthbearer.token.endpoint.url = null
	security.protocol = PLAINTEXT
	security.providers = null
	send.buffer.bytes = 131072
	session.timeout.ms = 45000
	socket.connection.setup.timeout.max.ms = 30000
	socket.connection.setup.timeout.ms = 10000
	ssl.cipher.suites = null
	ssl.enabled.protocols = [TLSv1.2, TLSv1.3]
	ssl.endpoint.identification.algorithm = https
	ssl.engine.factory.class = null
	ssl.key.password = null
	ssl.keymanager.algorithm = SunX509
	ssl.keystore.certificate.chain = null
	ssl.keystore.key = null
	ssl.keystore.location = null
	ssl.keystore.password = null
	ssl.keystore.type = JKS
	ssl.protocol = TLSv1.3
	ssl.provider = null
	ssl.secure.random.implementation = null
	ssl.trustmanager.algorithm = PKIX
	ssl.truststore.certificates = null
	ssl.truststore.location = null
	ssl.truststore.password = null
	ssl.truststore.type = JKS
	value.deserializer = class org.apache.kafka.common.serialization.StringDeserializer

2025-05-23T19:14:26.489-06:00  INFO 19236 --- [proyecto-access-1] [           main] o.a.k.c.t.i.KafkaMetricsCollector        : initializing Kafka metrics collector
2025-05-23T19:14:26.497-06:00  INFO 19236 --- [proyecto-access-1] [           main] o.a.kafka.common.utils.AppInfoParser     : Kafka version: 3.8.1
2025-05-23T19:14:26.497-06:00  INFO 19236 --- [proyecto-access-1] [           main] o.a.kafka.common.utils.AppInfoParser     : Kafka commitId: 70d6ff42debf7e17
2025-05-23T19:14:26.498-06:00  INFO 19236 --- [proyecto-access-1] [           main] o.a.kafka.common.utils.AppInfoParser     : Kafka startTimeMs: 1748049266497
2025-05-23T19:14:26.499-06:00  INFO 19236 --- [proyecto-access-1] [           main] o.a.k.c.c.internals.LegacyKafkaConsumer  : [Consumer clientId=consumer-materia-service-group-14, groupId=materia-service-group] Subscribed to topic(s): get-tiempos-folio
2025-05-23T19:14:26.501-06:00  INFO 19236 --- [proyecto-access-1] [           main] o.a.k.clients.consumer.ConsumerConfig    : ConsumerConfig values: 
	allow.auto.create.topics = true
	auto.commit.interval.ms = 5000
	auto.include.jmx.reporter = true
	auto.offset.reset = earliest
	bootstrap.servers = [localhost:9092]
	check.crcs = true
	client.dns.lookup = use_all_dns_ips
	client.id = consumer-materia-service-group-15
	client.rack = 
	connections.max.idle.ms = 540000
	default.api.timeout.ms = 60000
	enable.auto.commit = false
	enable.metrics.push = true
	exclude.internal.topics = true
	fetch.max.bytes = 52428800
	fetch.max.wait.ms = 500
	fetch.min.bytes = 1
	group.id = materia-service-group
	group.instance.id = null
	group.protocol = classic
	group.remote.assignor = null
	heartbeat.interval.ms = 3000
	interceptor.classes = []
	internal.leave.group.on.close = true
	internal.throw.on.fetch.stable.offset.unsupported = false
	isolation.level = read_uncommitted
	key.deserializer = class org.apache.kafka.common.serialization.StringDeserializer
	max.partition.fetch.bytes = 1048576
	max.poll.interval.ms = 300000
	max.poll.records = 500
	metadata.max.age.ms = 300000
	metadata.recovery.strategy = none
	metric.reporters = []
	metrics.num.samples = 2
	metrics.recording.level = INFO
	metrics.sample.window.ms = 30000
	partition.assignment.strategy = [class org.apache.kafka.clients.consumer.RangeAssignor, class org.apache.kafka.clients.consumer.CooperativeStickyAssignor]
	receive.buffer.bytes = 65536
	reconnect.backoff.max.ms = 1000
	reconnect.backoff.ms = 50
	request.timeout.ms = 30000
	retry.backoff.max.ms = 1000
	retry.backoff.ms = 100
	sasl.client.callback.handler.class = null
	sasl.jaas.config = null
	sasl.kerberos.kinit.cmd = /usr/bin/kinit
	sasl.kerberos.min.time.before.relogin = 60000
	sasl.kerberos.service.name = null
	sasl.kerberos.ticket.renew.jitter = 0.05
	sasl.kerberos.ticket.renew.window.factor = 0.8
	sasl.login.callback.handler.class = null
	sasl.login.class = null
	sasl.login.connect.timeout.ms = null
	sasl.login.read.timeout.ms = null
	sasl.login.refresh.buffer.seconds = 300
	sasl.login.refresh.min.period.seconds = 60
	sasl.login.refresh.window.factor = 0.8
	sasl.login.refresh.window.jitter = 0.05
	sasl.login.retry.backoff.max.ms = 10000
	sasl.login.retry.backoff.ms = 100
	sasl.mechanism = GSSAPI
	sasl.oauthbearer.clock.skew.seconds = 30
	sasl.oauthbearer.expected.audience = null
	sasl.oauthbearer.expected.issuer = null
	sasl.oauthbearer.jwks.endpoint.refresh.ms = 3600000
	sasl.oauthbearer.jwks.endpoint.retry.backoff.max.ms = 10000
	sasl.oauthbearer.jwks.endpoint.retry.backoff.ms = 100
	sasl.oauthbearer.jwks.endpoint.url = null
	sasl.oauthbearer.scope.claim.name = scope
	sasl.oauthbearer.sub.claim.name = sub
	sasl.oauthbearer.token.endpoint.url = null
	security.protocol = PLAINTEXT
	security.providers = null
	send.buffer.bytes = 131072
	session.timeout.ms = 45000
	socket.connection.setup.timeout.max.ms = 30000
	socket.connection.setup.timeout.ms = 10000
	ssl.cipher.suites = null
	ssl.enabled.protocols = [TLSv1.2, TLSv1.3]
	ssl.endpoint.identification.algorithm = https
	ssl.engine.factory.class = null
	ssl.key.password = null
	ssl.keymanager.algorithm = SunX509
	ssl.keystore.certificate.chain = null
	ssl.keystore.key = null
	ssl.keystore.location = null
	ssl.keystore.password = null
	ssl.keystore.type = JKS
	ssl.protocol = TLSv1.3
	ssl.provider = null
	ssl.secure.random.implementation = null
	ssl.trustmanager.algorithm = PKIX
	ssl.truststore.certificates = null
	ssl.truststore.location = null
	ssl.truststore.password = null
	ssl.truststore.type = JKS
	value.deserializer = class org.apache.kafka.common.serialization.StringDeserializer

2025-05-23T19:14:26.502-06:00  INFO 19236 --- [proyecto-access-1] [           main] o.a.k.c.t.i.KafkaMetricsCollector        : initializing Kafka metrics collector
2025-05-23T19:14:26.508-06:00  INFO 19236 --- [proyecto-access-1] [           main] o.a.kafka.common.utils.AppInfoParser     : Kafka version: 3.8.1
2025-05-23T19:14:26.508-06:00  INFO 19236 --- [proyecto-access-1] [           main] o.a.kafka.common.utils.AppInfoParser     : Kafka commitId: 70d6ff42debf7e17
2025-05-23T19:14:26.509-06:00  INFO 19236 --- [proyecto-access-1] [           main] o.a.kafka.common.utils.AppInfoParser     : Kafka startTimeMs: 1748049266508
2025-05-23T19:14:26.509-06:00  INFO 19236 --- [proyecto-access-1] [           main] o.a.k.c.c.internals.LegacyKafkaConsumer  : [Consumer clientId=consumer-materia-service-group-15, groupId=materia-service-group] Subscribed to topic(s): get-prodXcolor-listado
2025-05-23T19:14:26.512-06:00  INFO 19236 --- [proyecto-access-1] [           main] o.a.k.clients.consumer.ConsumerConfig    : ConsumerConfig values: 
	allow.auto.create.topics = true
	auto.commit.interval.ms = 5000
	auto.include.jmx.reporter = true
	auto.offset.reset = earliest
	bootstrap.servers = [localhost:9092]
	check.crcs = true
	client.dns.lookup = use_all_dns_ips
	client.id = consumer-materia-service-group-16
	client.rack = 
	connections.max.idle.ms = 540000
	default.api.timeout.ms = 60000
	enable.auto.commit = false
	enable.metrics.push = true
	exclude.internal.topics = true
	fetch.max.bytes = 52428800
	fetch.max.wait.ms = 500
	fetch.min.bytes = 1
	group.id = materia-service-group
	group.instance.id = null
	group.protocol = classic
	group.remote.assignor = null
	heartbeat.interval.ms = 3000
	interceptor.classes = []
	internal.leave.group.on.close = true
	internal.throw.on.fetch.stable.offset.unsupported = false
	isolation.level = read_uncommitted
	key.deserializer = class org.apache.kafka.common.serialization.StringDeserializer
	max.partition.fetch.bytes = 1048576
	max.poll.interval.ms = 300000
	max.poll.records = 500
	metadata.max.age.ms = 300000
	metadata.recovery.strategy = none
	metric.reporters = []
	metrics.num.samples = 2
	metrics.recording.level = INFO
	metrics.sample.window.ms = 30000
	partition.assignment.strategy = [class org.apache.kafka.clients.consumer.RangeAssignor, class org.apache.kafka.clients.consumer.CooperativeStickyAssignor]
	receive.buffer.bytes = 65536
	reconnect.backoff.max.ms = 1000
	reconnect.backoff.ms = 50
	request.timeout.ms = 30000
	retry.backoff.max.ms = 1000
	retry.backoff.ms = 100
	sasl.client.callback.handler.class = null
	sasl.jaas.config = null
	sasl.kerberos.kinit.cmd = /usr/bin/kinit
	sasl.kerberos.min.time.before.relogin = 60000
	sasl.kerberos.service.name = null
	sasl.kerberos.ticket.renew.jitter = 0.05
	sasl.kerberos.ticket.renew.window.factor = 0.8
	sasl.login.callback.handler.class = null
	sasl.login.class = null
	sasl.login.connect.timeout.ms = null
	sasl.login.read.timeout.ms = null
	sasl.login.refresh.buffer.seconds = 300
	sasl.login.refresh.min.period.seconds = 60
	sasl.login.refresh.window.factor = 0.8
	sasl.login.refresh.window.jitter = 0.05
	sasl.login.retry.backoff.max.ms = 10000
	sasl.login.retry.backoff.ms = 100
	sasl.mechanism = GSSAPI
	sasl.oauthbearer.clock.skew.seconds = 30
	sasl.oauthbearer.expected.audience = null
	sasl.oauthbearer.expected.issuer = null
	sasl.oauthbearer.jwks.endpoint.refresh.ms = 3600000
	sasl.oauthbearer.jwks.endpoint.retry.backoff.max.ms = 10000
	sasl.oauthbearer.jwks.endpoint.retry.backoff.ms = 100
	sasl.oauthbearer.jwks.endpoint.url = null
	sasl.oauthbearer.scope.claim.name = scope
	sasl.oauthbearer.sub.claim.name = sub
	sasl.oauthbearer.token.endpoint.url = null
	security.protocol = PLAINTEXT
	security.providers = null
	send.buffer.bytes = 131072
	session.timeout.ms = 45000
	socket.connection.setup.timeout.max.ms = 30000
	socket.connection.setup.timeout.ms = 10000
	ssl.cipher.suites = null
	ssl.enabled.protocols = [TLSv1.2, TLSv1.3]
	ssl.endpoint.identification.algorithm = https
	ssl.engine.factory.class = null
	ssl.key.password = null
	ssl.keymanager.algorithm = SunX509
	ssl.keystore.certificate.chain = null
	ssl.keystore.key = null
	ssl.keystore.location = null
	ssl.keystore.password = null
	ssl.keystore.type = JKS
	ssl.protocol = TLSv1.3
	ssl.provider = null
	ssl.secure.random.implementation = null
	ssl.trustmanager.algorithm = PKIX
	ssl.truststore.certificates = null
	ssl.truststore.location = null
	ssl.truststore.password = null
	ssl.truststore.type = JKS
	value.deserializer = class org.apache.kafka.common.serialization.StringDeserializer

2025-05-23T19:14:26.513-06:00  INFO 19236 --- [proyecto-access-1] [           main] o.a.k.c.t.i.KafkaMetricsCollector        : initializing Kafka metrics collector
2025-05-23T19:14:26.532-06:00  INFO 19236 --- [proyecto-access-1] [           main] o.a.kafka.common.utils.AppInfoParser     : Kafka version: 3.8.1
2025-05-23T19:14:26.533-06:00  INFO 19236 --- [proyecto-access-1] [           main] o.a.kafka.common.utils.AppInfoParser     : Kafka commitId: 70d6ff42debf7e17
2025-05-23T19:14:26.533-06:00  INFO 19236 --- [proyecto-access-1] [           main] o.a.kafka.common.utils.AppInfoParser     : Kafka startTimeMs: 1748049266532
2025-05-23T19:14:26.533-06:00  INFO 19236 --- [proyecto-access-1] [           main] o.a.k.c.c.internals.LegacyKafkaConsumer  : [Consumer clientId=consumer-materia-service-group-16, groupId=materia-service-group] Subscribed to topic(s): get-producto-codigo
2025-05-23T19:14:26.537-06:00  INFO 19236 --- [proyecto-access-1] [           main] o.a.k.clients.consumer.ConsumerConfig    : ConsumerConfig values: 
	allow.auto.create.topics = true
	auto.commit.interval.ms = 5000
	auto.include.jmx.reporter = true
	auto.offset.reset = earliest
	bootstrap.servers = [localhost:9092]
	check.crcs = true
	client.dns.lookup = use_all_dns_ips
	client.id = consumer-materia-service-group-17
	client.rack = 
	connections.max.idle.ms = 540000
	default.api.timeout.ms = 60000
	enable.auto.commit = false
	enable.metrics.push = true
	exclude.internal.topics = true
	fetch.max.bytes = 52428800
	fetch.max.wait.ms = 500
	fetch.min.bytes = 1
	group.id = materia-service-group
	group.instance.id = null
	group.protocol = classic
	group.remote.assignor = null
	heartbeat.interval.ms = 3000
	interceptor.classes = []
	internal.leave.group.on.close = true
	internal.throw.on.fetch.stable.offset.unsupported = false
	isolation.level = read_uncommitted
	key.deserializer = class org.apache.kafka.common.serialization.StringDeserializer
	max.partition.fetch.bytes = 1048576
	max.poll.interval.ms = 300000
	max.poll.records = 500
	metadata.max.age.ms = 300000
	metadata.recovery.strategy = none
	metric.reporters = []
	metrics.num.samples = 2
	metrics.recording.level = INFO
	metrics.sample.window.ms = 30000
	partition.assignment.strategy = [class org.apache.kafka.clients.consumer.RangeAssignor, class org.apache.kafka.clients.consumer.CooperativeStickyAssignor]
	receive.buffer.bytes = 65536
	reconnect.backoff.max.ms = 1000
	reconnect.backoff.ms = 50
	request.timeout.ms = 30000
	retry.backoff.max.ms = 1000
	retry.backoff.ms = 100
	sasl.client.callback.handler.class = null
	sasl.jaas.config = null
	sasl.kerberos.kinit.cmd = /usr/bin/kinit
	sasl.kerberos.min.time.before.relogin = 60000
	sasl.kerberos.service.name = null
	sasl.kerberos.ticket.renew.jitter = 0.05
	sasl.kerberos.ticket.renew.window.factor = 0.8
	sasl.login.callback.handler.class = null
	sasl.login.class = null
	sasl.login.connect.timeout.ms = null
	sasl.login.read.timeout.ms = null
	sasl.login.refresh.buffer.seconds = 300
	sasl.login.refresh.min.period.seconds = 60
	sasl.login.refresh.window.factor = 0.8
	sasl.login.refresh.window.jitter = 0.05
	sasl.login.retry.backoff.max.ms = 10000
	sasl.login.retry.backoff.ms = 100
	sasl.mechanism = GSSAPI
	sasl.oauthbearer.clock.skew.seconds = 30
	sasl.oauthbearer.expected.audience = null
	sasl.oauthbearer.expected.issuer = null
	sasl.oauthbearer.jwks.endpoint.refresh.ms = 3600000
	sasl.oauthbearer.jwks.endpoint.retry.backoff.max.ms = 10000
	sasl.oauthbearer.jwks.endpoint.retry.backoff.ms = 100
	sasl.oauthbearer.jwks.endpoint.url = null
	sasl.oauthbearer.scope.claim.name = scope
	sasl.oauthbearer.sub.claim.name = sub
	sasl.oauthbearer.token.endpoint.url = null
	security.protocol = PLAINTEXT
	security.providers = null
	send.buffer.bytes = 131072
	session.timeout.ms = 45000
	socket.connection.setup.timeout.max.ms = 30000
	socket.connection.setup.timeout.ms = 10000
	ssl.cipher.suites = null
	ssl.enabled.protocols = [TLSv1.2, TLSv1.3]
	ssl.endpoint.identification.algorithm = https
	ssl.engine.factory.class = null
	ssl.key.password = null
	ssl.keymanager.algorithm = SunX509
	ssl.keystore.certificate.chain = null
	ssl.keystore.key = null
	ssl.keystore.location = null
	ssl.keystore.password = null
	ssl.keystore.type = JKS
	ssl.protocol = TLSv1.3
	ssl.provider = null
	ssl.secure.random.implementation = null
	ssl.trustmanager.algorithm = PKIX
	ssl.truststore.certificates = null
	ssl.truststore.location = null
	ssl.truststore.password = null
	ssl.truststore.type = JKS
	value.deserializer = class org.apache.kafka.common.serialization.StringDeserializer

2025-05-23T19:14:26.539-06:00  INFO 19236 --- [proyecto-access-1] [           main] o.a.k.c.t.i.KafkaMetricsCollector        : initializing Kafka metrics collector
2025-05-23T19:14:26.548-06:00  INFO 19236 --- [proyecto-access-1] [           main] o.a.kafka.common.utils.AppInfoParser     : Kafka version: 3.8.1
2025-05-23T19:14:26.549-06:00  INFO 19236 --- [proyecto-access-1] [           main] o.a.kafka.common.utils.AppInfoParser     : Kafka commitId: 70d6ff42debf7e17
[...]
2025-05-23T19:14:27.966-06:00  INFO 19236 --- [proyecto-access-1] [tainer#16-0-C-1] org.apache.kafka.clients.NetworkClient   : [Consumer clientId=consumer-materia-service-group-25, groupId=materia-service-group] Node -1 disconnected.
2025-05-23T19:14:27.966-06:00  INFO 19236 --- [proyecto-access-1] [tainer#26-0-C-1] org.apache.kafka.clients.NetworkClient   : [Consumer clientId=consumer-materia-service-group-15, groupId=materia-service-group] Node -1 disconnected.
2025-05-23T19:14:27.966-06:00  INFO 19236 --- [proyecto-access-1] [tainer#15-0-C-1] org.apache.kafka.clients.NetworkClient   : [Consumer clientId=consumer-materia-service-group-24, groupId=materia-service-group] Node -1 disconnected.
2025-05-23T19:14:27.966-06:00  WARN 19236 --- [proyecto-access-1] [tainer#16-0-C-1] org.apache.kafka.clients.NetworkClient   : [Consumer clientId=consumer-materia-service-group-25, groupId=materia-service-group] Connection to node -1 (localhost/127.0.0.1:9092) could not be established. Node may not be available.
2025-05-23T19:14:27.966-06:00  WARN 19236 --- [proyecto-access-1] [tainer#26-0-C-1] org.apache.kafka.clients.NetworkClient   : [Consumer clientId=consumer-materia-service-group-15, groupId=materia-service-group] Connection to node -1 (localhost/127.0.0.1:9092) could not be established. Node may not be available.
2025-05-23T19:14:27.966-06:00  WARN 19236 --- [proyecto-access-1] [tainer#15-0-C-1] org.apache.kafka.clients.NetworkClient   : [Consumer clientId=consumer-materia-service-group-24, groupId=materia-service-group] Connection to node -1 (localhost/127.0.0.1:9092) could not be established. Node may not be available.
2025-05-23T19:14:27.966-06:00  WARN 19236 --- [proyecto-access-1] [tainer#16-0-C-1] org.apache.kafka.clients.NetworkClient   : [Consumer clientId=consumer-materia-service-group-25, groupId=materia-service-group] Bootstrap broker localhost:9092 (id: -1 rack: null) disconnected
2025-05-23T19:14:27.966-06:00  WARN 19236 --- [proyecto-access-1] [tainer#26-0-C-1] org.apache.kafka.clients.NetworkClient   : [Consumer clientId=consumer-materia-service-group-15, groupId=materia-service-group] Bootstrap broker localhost:9092 (id: -1 rack: null) disconnected
2025-05-23T19:14:27.967-06:00  WARN 19236 --- [proyecto-access-1] [tainer#15-0-C-1] org.apache.kafka.clients.NetworkClient   : [Consumer clientId=consumer-materia-service-group-24, groupId=materia-service-group] Bootstrap broker localhost:9092 (id: -1 rack: null) disconnected
2025-05-23T19:14:27.981-06:00  INFO 19236 --- [proyecto-access-1] [tainer#14-0-C-1] org.apache.kafka.clients.NetworkClient   : [Consumer clientId=consumer-materia-service-group-27, groupId=materia-service-group] Node -1 disconnected.
2025-05-23T19:14:27.981-06:00  WARN 19236 --- [proyecto-access-1] [tainer#14-0-C-1] org.apache.kafka.clients.NetworkClient   : [Consumer clientId=consumer-materia-service-group-27, groupId=materia-service-group] Connection to node -1 (localhost/127.0.0.1:9092) could not be established. Node may not be available.
2025-05-23T19:14:27.981-06:00  WARN 19236 --- [proyecto-access-1] [tainer#14-0-C-1] org.apache.kafka.clients.NetworkClient   : [Consumer clientId=consumer-materia-service-group-27, groupId=materia-service-group] Bootstrap broker localhost:9092 (id: -1 rack: null) disconnected
2025-05-23T19:14:27.996-06:00  INFO 19236 --- [proyecto-access-1] [ntainer#1-0-C-1] org.apache.kafka.clients.NetworkClient   : [Consumer clientId=consumer-materia-service-group-13, groupId=materia-service-group] Node -1 disconnected.
2025-05-23T19:14:27.996-06:00  INFO 19236 --- [proyecto-access-1] [tainer#20-0-C-1] org.apache.kafka.clients.NetworkClient   : [Consumer clientId=consumer-materia-service-group-12, groupId=materia-service-group] Node -1 disconnected.
2025-05-23T19:14:27.996-06:00  INFO 19236 --- [proyecto-access-1] [tainer#13-0-C-1] org.apache.kafka.clients.NetworkClient   : [Consumer clientId=consumer-materia-service-group-26, groupId=materia-service-group] Node -1 disconnected.
2025-05-23T19:14:27.996-06:00  INFO 19236 --- [proyecto-access-1] [tainer#19-0-C-1] org.apache.kafka.clients.NetworkClient   : [Consumer clientId=consumer-materia-service-group-18, groupId=materia-service-group] Node -1 disconnected.
2025-05-23T19:14:27.996-06:00  WARN 19236 --- [proyecto-access-1] [tainer#13-0-C-1] org.apache.kafka.clients.NetworkClient   : [Consumer clientId=consumer-materia-service-group-26, groupId=materia-service-group] Connection to node -1 (localhost/127.0.0.1:9092) could not be established. Node may not be available.
2025-05-23T19:14:27.996-06:00  WARN 19236 --- [proyecto-access-1] [ntainer#1-0-C-1] org.apache.kafka.clients.NetworkClient   : [Consumer clientId=consumer-materia-service-group-13, groupId=materia-service-group] Connection to node -1 (localhost/127.0.0.1:9092) could not be established. Node may not be available.
2025-05-23T19:14:27.996-06:00  WARN 19236 --- [proyecto-access-1] [tainer#20-0-C-1] org.apache.kafka.clients.NetworkClient   : [Consumer clientId=consumer-materia-service-group-12, groupId=materia-service-group] Connection to node -1 (localhost/127.0.0.1:9092) could not be established. Node may not be available.
2025-05-23T19:14:27.996-06:00  WARN 19236 --- [proyecto-access-1] [tainer#19-0-C-1] org.apache.kafka.clients.NetworkClient   : [Consumer clientId=consumer-materia-service-group-18, groupId=materia-service-group] Connection to node -1 (localhost/127.0.0.1:9092) could not be established. Node may not be available.
2025-05-23T19:14:27.996-06:00  WARN 19236 --- [proyecto-access-1] [tainer#13-0-C-1] org.apache.kafka.clients.NetworkClient   : [Consumer clientId=consumer-materia-service-group-26, groupId=materia-service-group] Bootstrap broker localhost:9092 (id: -1 rack: null) disconnected
2025-05-23T19:14:27.996-06:00  WARN 19236 --- [proyecto-access-1] [ntainer#1-0-C-1] org.apache.kafka.clients.NetworkClient   : [Consumer clientId=consumer-materia-service-group-13, groupId=materia-service-group] Bootstrap broker localhost:9092 (id: -1 rack: null) disconnected
2025-05-23T19:14:27.997-06:00  WARN 19236 --- [proyecto-access-1] [tainer#20-0-C-1] org.apache.kafka.clients.NetworkClient   : [Consumer clientId=consumer-materia-service-group-12, groupId=materia-service-group] Bootstrap broker localhost:9092 (id: -1 rack: null) disconnected
2025-05-23T19:14:27.997-06:00  WARN 19236 --- [proyecto-access-1] [tainer#19-0-C-1] org.apache.kafka.clients.NetworkClient   : [Consumer clientId=consumer-materia-service-group-18, groupId=materia-service-group] Bootstrap broker localhost:9092 (id: -1 rack: null) disconnected
2025-05-23T19:14:28.028-06:00  INFO 19236 --- [proyecto-access-1] [tainer#25-0-C-1] org.apache.kafka.clients.NetworkClient   : [Consumer clientId=consumer-materia-service-group-17, groupId=materia-service-group] Node -1 disconnected.
2025-05-23T19:14:28.028-06:00  INFO 19236 --- [proyecto-access-1] [tainer#24-0-C-1] org.apache.kafka.clients.NetworkClient   : [Consumer clientId=consumer-materia-service-group-16, groupId=materia-service-group] Node -1 disconnected.
2025-05-23T19:14:28.028-06:00  WARN 19236 --- [proyecto-access-1] [tainer#25-0-C-1] org.apache.kafka.clients.NetworkClient   : [Consumer clientId=consumer-materia-service-group-17, groupId=materia-service-group] Connection to node -1 (localhost/127.0.0.1:9092) could not be established. Node may not be available.
2025-05-23T19:14:28.028-06:00  WARN 19236 --- [proyecto-access-1] [tainer#25-0-C-1] org.apache.kafka.clients.NetworkClient   : [Consumer clientId=consumer-materia-service-group-17, groupId=materia-service-group] Bootstrap broker localhost:9092 (id: -1 rack: null) disconnected
2025-05-23T19:14:28.028-06:00  WARN 19236 --- [proyecto-access-1] [tainer#24-0-C-1] org.apache.kafka.clients.NetworkClient   : [Consumer clientId=consumer-materia-service-group-16, groupId=materia-service-group] Connection to node -1 (localhost/127.0.0.1:9092) could not be established. Node may not be available.
2025-05-23T19:14:28.028-06:00  WARN 19236 --- [proyecto-access-1] [tainer#24-0-C-1] org.apache.kafka.clients.NetworkClient   : [Consumer clientId=consumer-materia-service-group-16, groupId=materia-service-group] Bootstrap broker localhost:9092 (id: -1 rack: null) disconnected
2025-05-23T19:14:28.043-06:00  INFO 19236 --- [proyecto-access-1] [tainer#22-0-C-1] org.apache.kafka.clients.NetworkClient   : [Consumer clientId=consumer-materia-service-group-9, groupId=materia-service-group] Node -1 disconnected.
2025-05-23T19:14:28.043-06:00  WARN 19236 --- [proyecto-access-1] [tainer#22-0-C-1] org.apache.kafka.clients.NetworkClient   : [Consumer clientId=consumer-materia-service-group-9, groupId=materia-service-group] Connection to node -1 (localhost/127.0.0.1:9092) could not be established. Node may not be available.
2025-05-23T19:14:28.043-06:00  INFO 19236 --- [proyecto-access-1] [tainer#12-0-C-1] org.apache.kafka.clients.NetworkClient   : [Consumer clientId=consumer-materia-service-group-22, groupId=materia-service-group] Node -1 disconnected.
2025-05-23T19:14:28.043-06:00  WARN 19236 --- [proyecto-access-1] [tainer#22-0-C-1] org.apache.kafka.clients.NetworkClient   : [Consumer clientId=consumer-materia-service-group-9, groupId=materia-service-group] Bootstrap broker localhost:9092 (id: -1 rack: null) disconnected
2025-05-23T19:14:28.043-06:00  WARN 19236 --- [proyecto-access-1] [tainer#12-0-C-1] org.apache.kafka.clients.NetworkClient   : [Consumer clientId=consumer-materia-service-group-22, groupId=materia-service-group] Connection to node -1 (localhost/127.0.0.1:9092) could not be established. Node may not be available.
2025-05-23T19:14:28.043-06:00  WARN 19236 --- [proyecto-access-1] [tainer#12-0-C-1] org.apache.kafka.clients.NetworkClient   : [Consumer clientId=consumer-materia-service-group-22, groupId=materia-service-group] Bootstrap broker localhost:9092 (id: -1 rack: null) disconnected
2025-05-23T19:14:28.059-06:00  INFO 19236 --- [proyecto-access-1] [ntainer#2-0-C-1] org.apache.kafka.clients.NetworkClient   : [Consumer clientId=consumer-materia-service-group-5, groupId=materia-service-group] Node -1 disconnected.
2025-05-23T19:14:28.059-06:00  INFO 19236 --- [proyecto-access-1] [tainer#17-0-C-1] org.apache.kafka.clients.NetworkClient   : [Consumer clientId=consumer-materia-service-group-19, groupId=materia-service-group] Node -1 disconnected.
2025-05-23T19:14:28.059-06:00  INFO 19236 --- [proyecto-access-1] [ntainer#0-0-C-1] org.apache.kafka.clients.NetworkClient   : [Consumer clientId=consumer-materia-service-group-11, groupId=materia-service-group] Node -1 disconnected.
2025-05-23T19:14:28.059-06:00  WARN 19236 --- [proyecto-access-1] [tainer#17-0-C-1] org.apache.kafka.clients.NetworkClient   : [Consumer clientId=consumer-materia-service-group-19, groupId=materia-service-group] Connection to node -1 (localhost/127.0.0.1:9092) could not be established. Node may not be available.
2025-05-23T19:14:28.059-06:00  INFO 19236 --- [proyecto-access-1] [tainer#23-0-C-1] org.apache.kafka.clients.NetworkClient   : [Consumer clientId=consumer-materia-service-group-10, groupId=materia-service-group] Node -1 disconnected.
2025-05-23T19:14:28.059-06:00  WARN 19236 --- [proyecto-access-1] [tainer#17-0-C-1] org.apache.kafka.clients.NetworkClient   : [Consumer clientId=consumer-materia-service-group-19, groupId=materia-service-group] Bootstrap broker localhost:9092 (id: -1 rack: null) disconnected
2025-05-23T19:14:28.059-06:00  INFO 19236 --- [proyecto-access-1] [ntainer#9-0-C-1] org.apache.kafka.clients.NetworkClient   : [Consumer clientId=consumer-materia-service-group-4, groupId=materia-service-group] Node -1 disconnected.
2025-05-23T19:14:28.059-06:00  WARN 19236 --- [proyecto-access-1] [ntainer#2-0-C-1] org.apache.kafka.clients.NetworkClient   : [Consumer clientId=consumer-materia-service-group-5, groupId=materia-service-group] Connection to node -1 (localhost/127.0.0.1:9092) could not be established. Node may not be available.
2025-05-23T19:14:28.059-06:00  WARN 19236 --- [proyecto-access-1] [ntainer#2-0-C-1] org.apache.kafka.clients.NetworkClient   : [Consumer clientId=consumer-materia-service-group-5, groupId=materia-service-group] Bootstrap broker localhost:9092 (id: -1 rack: null) disconnected
2025-05-23T19:14:28.059-06:00  WARN 19236 --- [proyecto-access-1] [ntainer#9-0-C-1] org.apache.kafka.clients.NetworkClient   : [Consumer clientId=consumer-materia-service-group-4, groupId=materia-service-group] Connection to node -1 (localhost/127.0.0.1:9092) could not be established. Node may not be available.
2025-05-23T19:14:28.059-06:00  WARN 19236 --- [proyecto-access-1] [ntainer#9-0-C-1] org.apache.kafka.clients.NetworkClient   : [Consumer clientId=consumer-materia-service-group-4, groupId=materia-service-group] Bootstrap broker localhost:9092 (id: -1 rack: null) disconnected
2025-05-23T19:14:28.059-06:00  WARN 19236 --- [proyecto-access-1] [tainer#23-0-C-1] org.apache.kafka.clients.NetworkClient   : [Consumer clientId=consumer-materia-service-group-10, groupId=materia-service-group] Connection to node -1 (localhost/127.0.0.1:9092) could not be established. Node may not be available.
2025-05-23T19:14:28.059-06:00  WARN 19236 --- [proyecto-access-1] [ntainer#0-0-C-1] org.apache.kafka.clients.NetworkClient   : [Consumer clientId=consumer-materia-service-group-11, groupId=materia-service-group] Connection to node -1 (localhost/127.0.0.1:9092) could not be established. Node may not be available.
2025-05-23T19:14:28.060-06:00  WARN 19236 --- [proyecto-access-1] [tainer#23-0-C-1] org.apache.kafka.clients.NetworkClient   : [Consumer clientId=consumer-materia-service-group-10, groupId=materia-service-group] Bootstrap broker localhost:9092 (id: -1 rack: null) disconnected
2025-05-23T19:14:28.060-06:00  WARN 19236 --- [proyecto-access-1] [ntainer#0-0-C-1] org.apache.kafka.clients.NetworkClient   : [Consumer clientId=consumer-materia-service-group-11, groupId=materia-service-group] Bootstrap broker localhost:9092 (id: -1 rack: null) disconnected
2025-05-23T19:14:28.074-06:00  INFO 19236 --- [proyecto-access-1] [ntainer#3-0-C-1] org.apache.kafka.clients.NetworkClient   : [Consumer clientId=consumer-materia-service-group-6, groupId=materia-service-group] Node -1 disconnected.
2025-05-23T19:14:28.074-06:00  WARN 19236 --- [proyecto-access-1] [ntainer#3-0-C-1] org.apache.kafka.clients.NetworkClient   : [Consumer clientId=consumer-materia-service-group-6, groupId=materia-service-group] Connection to node -1 (localhost/127.0.0.1:9092) could not be established. Node may not be available.
2025-05-23T19:14:28.074-06:00  WARN 19236 --- [proyecto-access-1] [ntainer#3-0-C-1] org.apache.kafka.clients.NetworkClient   : [Consumer clientId=consumer-materia-service-group-6, groupId=materia-service-group] Bootstrap broker localhost:9092 (id: -1 rack: null) disconnected
2025-05-23T19:14:28.090-06:00  INFO 19236 --- [proyecto-access-1] [ntainer#8-0-C-1] org.apache.kafka.clients.NetworkClient   : [Consumer clientId=consumer-materia-service-group-3, groupId=materia-service-group] Node -1 disconnected.
2025-05-23T19:14:28.090-06:00  INFO 19236 --- [proyecto-access-1] [ntainer#6-0-C-1] org.apache.kafka.clients.NetworkClient   : [Consumer clientId=consumer-materia-service-group-1, groupId=materia-service-group] Node -1 disconnected.
2025-05-23T19:14:28.090-06:00  WARN 19236 --- [proyecto-access-1] [ntainer#8-0-C-1] org.apache.kafka.clients.NetworkClient   : [Consumer clientId=consumer-materia-service-group-3, groupId=materia-service-group] Connection to node -1 (localhost/127.0.0.1:9092) could not be established. Node may not be available.
2025-05-23T19:14:28.090-06:00  WARN 19236 --- [proyecto-access-1] [ntainer#6-0-C-1] org.apache.kafka.clients.NetworkClient   : [Consumer clientId=consumer-materia-service-group-1, groupId=materia-service-group] Connection to node -1 (localhost/127.0.0.1:9092) could not be established. Node may not be available.
2025-05-23T19:14:28.090-06:00  WARN 19236 --- [proyecto-access-1] [ntainer#8-0-C-1] org.apache.kafka.clients.NetworkClient   : [Consumer clientId=consumer-materia-service-group-3, groupId=materia-service-group] Bootstrap broker localhost:9092 (id: -1 rack: null) disconnected
2025-05-23T19:14:28.091-06:00  WARN 19236 --- [proyecto-access-1] [ntainer#6-0-C-1] org.apache.kafka.clients.NetworkClient   : [Consumer clientId=consumer-materia-service-group-1, groupId=materia-service-group] Bootstrap broker localhost:9092 (id: -1 rack: null) disconnected
2025-05-23T19:14:28.107-06:00  INFO 19236 --- [proyecto-access-1] [tainer#21-0-C-1] org.apache.kafka.clients.NetworkClient   : [Consumer clientId=consumer-materia-service-group-14, groupId=materia-service-group] Node -1 disconnected.
2025-05-23T19:14:28.107-06:00  WARN 19236 --- [proyecto-access-1] [tainer#21-0-C-1] org.apache.kafka.clients.NetworkClient   : [Consumer clientId=consumer-materia-service-group-14, groupId=materia-service-group] Connection to node -1 (localhost/127.0.0.1:9092) could not be established. Node may not be available.
2025-05-23T19:14:28.107-06:00  WARN 19236 --- [proyecto-access-1] [tainer#21-0-C-1] org.apache.kafka.clients.NetworkClient   : [Consumer clientId=consumer-materia-service-group-14, groupId=materia-service-group] Bootstrap broker localhost:9092 (id: -1 rack: null) disconnected
2025-05-23T19:14:28.122-06:00  INFO 19236 --- [proyecto-access-1] [ntainer#7-0-C-1] org.apache.kafka.clients.NetworkClient   : [Consumer clientId=consumer-materia-service-group-2, groupId=materia-service-group] Node -1 disconnected.
2025-05-23T19:14:28.122-06:00  WARN 19236 --- [proyecto-access-1] [ntainer#7-0-C-1] org.apache.kafka.clients.NetworkClient   : [Consumer clientId=consumer-materia-service-group-2, groupId=materia-service-group] Connection to node -1 (localhost/127.0.0.1:9092) could not be established. Node may not be available.
2025-05-23T19:14:28.122-06:00  WARN 19236 --- [proyecto-access-1] [ntainer#7-0-C-1] org.apache.kafka.clients.NetworkClient   : [Consumer clientId=consumer-materia-service-group-2, groupId=materia-service-group] Bootstrap broker localhost:9092 (id: -1 rack: null) disconnected
2025-05-23T19:14:28.136-06:00  INFO 19236 --- [proyecto-access-1] [tainer#18-0-C-1] org.apache.kafka.clients.NetworkClient   : [Consumer clientId=consumer-materia-service-group-20, groupId=materia-service-group] Node -1 disconnected.
2025-05-23T19:14:28.137-06:00  WARN 19236 --- [proyecto-access-1] [tainer#18-0-C-1] org.apache.kafka.clients.NetworkClient   : [Consumer clientId=consumer-materia-service-group-20, groupId=materia-service-group] Connection to node -1 (localhost/127.0.0.1:9092) could not be established. Node may not be available.
2025-05-23T19:14:28.137-06:00  WARN 19236 --- [proyecto-access-1] [tainer#18-0-C-1] org.apache.kafka.clients.NetworkClient   : [Consumer clientId=consumer-materia-service-group-20, groupId=materia-service-group] Bootstrap broker localhost:9092 (id: -1 rack: null) disconnected
]]></system-out>
    <system-err><![CDATA[WARNING: Unknown driver property functionsHsqldb with value false
Mockito is currently self-attaching to enable the inline-mock-maker. This will no longer work in future releases of the JDK. Please add Mockito as an agent to your build what is described in Mockito's documentation: https://javadoc.io/doc/org.mockito/mockito-core/latest/org/mockito/Mockito.html#0.3
WARNING: A Java agent has been loaded dynamically (C:\Users\Tadeo\.m2\repository\net\bytebuddy\byte-buddy-agent\1.15.11\byte-buddy-agent-1.15.11.jar)
WARNING: If a serviceability tool is in use, please run with -XX:+EnableDynamicAgentLoading to hide this warning
WARNING: If a serviceability tool is not in use, please run with -Djdk.instrument.traceUsage for more information
WARNING: Dynamic loading of agents will be disallowed by default in a future release
]]></system-err>
  </testcase>
</testsuite>